\BOOKMARK [0][-]{chapter.1}{\376\377\000S\000i\000n\000g\000l\000e\000\040\000p\000a\000t\000h\000\040\000t\000r\000a\000n\000s\000p\000o\000r\000t\000\040\000p\000r\000o\000t\000o\000c\000o\000l\000s}{}% 1
\BOOKMARK [0][-]{chapter.2}{\376\377\000M\000u\000l\000t\000i\000p\000a\000t\000h\000\040\000T\000C\000P}{}% 2
\BOOKMARK [1][-]{section.2.1}{\376\377\000A\000\040\000b\000r\000i\000e\000f\000\040\000o\000v\000e\000r\000v\000i\000e\000w\000\040\000o\000f\000\040\000M\000u\000l\000t\000i\000p\000a\000t\000h\000\040\000T\000C\000P}{chapter.2}% 3
\BOOKMARK [1][-]{section.2.2}{\376\377\000C\000r\000e\000a\000t\000i\000n\000g\000\040\000a\000\040\000M\000u\000l\000t\000i\000p\000a\000t\000h\000\040\000T\000C\000P\000\040\000c\000o\000n\000n\000e\000c\000t\000i\000o\000n}{chapter.2}% 4
\BOOKMARK [2][-]{subsection.2.2.1}{\376\377\000T\000h\000e\000\040\000M\000u\000l\000t\000i\000p\000a\000t\000h\000\040\000T\000C\000P\000\040\000h\000a\000n\000d\000s\000h\000a\000k\000e}{section.2.2}% 5
\BOOKMARK [1][-]{section.2.3}{\376\377\000A\000d\000d\000r\000e\000s\000s\000\040\000a\000n\000d\000\040\000s\000u\000b\000f\000l\000o\000w\000\040\000m\000a\000n\000a\000g\000e\000m\000e\000n\000t}{chapter.2}% 6
\BOOKMARK [1][-]{section.2.4}{\376\377\000D\000a\000t\000a\000\040\000t\000r\000a\000n\000s\000f\000e\000r}{chapter.2}% 7
\BOOKMARK [1][-]{section.2.5}{\376\377\000C\000o\000n\000g\000e\000s\000t\000i\000o\000n\000\040\000c\000o\000n\000t\000r\000o\000l}{chapter.2}% 8
\BOOKMARK [2][-]{subsection.2.5.1}{\376\377\000L\000I\000A}{section.2.5}% 9
\BOOKMARK [2][-]{subsection.2.5.2}{\376\377\000O\000L\000I\000A}{section.2.5}% 10
\BOOKMARK [2][-]{subsection.2.5.3}{\376\377\000B\000A\000L\000I\000A}{section.2.5}% 11
\BOOKMARK [2][-]{subsection.2.5.4}{\376\377\000M\000P\000C\000C}{section.2.5}% 12
\BOOKMARK [1][-]{section.2.6}{\376\377\000C\000o\000n\000n\000e\000c\000t\000i\000o\000n\000\040\000r\000e\000l\000e\000a\000s\000e}{chapter.2}% 13
\BOOKMARK [1][-]{section.2.7}{\376\377\000C\000o\000p\000i\000n\000g\000\040\000w\000i\000t\000h\000\040\000m\000i\000d\000d\000l\000e\000b\000o\000x\000\040\000i\000n\000t\000e\000r\000f\000e\000r\000e\000n\000c\000e}{chapter.2}% 14
\BOOKMARK [1][-]{section.2.8}{\376\377\000T\000h\000e\000\040\000p\000r\000o\000t\000o\000c\000o\000l\000\040\000d\000e\000t\000a\000i\000l\000s}{chapter.2}% 15
\BOOKMARK [0][-]{chapter.3}{\376\377\000M\000u\000l\000t\000i\000p\000a\000t\000h\000\040\000T\000C\000P\000\040\000o\000n\000\040\000r\000e\000c\000e\000n\000t\000\040\000L\000i\000n\000u\000x\000\040\000k\000e\000r\000n\000e\000l\000s}{}% 16
\BOOKMARK [1][-]{section.3.1}{\376\377\000E\000n\000a\000b\000l\000i\000n\000g\000\040\000M\000u\000l\000t\000i\000p\000a\000t\000h\000\040\000T\000C\000P}{chapter.3}% 17
\BOOKMARK [1][-]{section.3.2}{\376\377\000A\000n\000a\000l\000y\000z\000i\000n\000g\000\040\000t\000h\000e\000\040\000o\000u\000t\000p\000u\000t\000\040\000o\000f\000\040\000s\000s}{chapter.3}% 18
\BOOKMARK [1][-]{section.3.3}{\376\377\000A\000n\000a\000l\000y\000z\000i\000n\000g\000\040\000t\000h\000e\000\040\000o\000u\000t\000p\000u\000t\000\040\000o\000f\000\040\000n\000s\000t\000a\000t}{chapter.3}% 19
\BOOKMARK [0][-]{chapter.4}{\376\377\000I\000n\000t\000r\000o\000d\000u\000c\000t\000i\000o\000n}{}% 20
\BOOKMARK [1][-]{section.4.1}{\376\377\000U\000s\000i\000n\000g\000\040\000n\000s\000t\000a\000t}{chapter.4}% 21
\BOOKMARK [0][-]{chapter.5}{\376\377\000T\000h\000e\000\040\000C\000a\000s\000e\000\040\000d\000i\000a\000g\000r\000a\000m\000s}{}% 22
\BOOKMARK [0][-]{chapter.6}{\376\377\000T\000h\000e\000\040\000M\000u\000l\000t\000i\000p\000a\000t\000h\000\040\000T\000C\000P\000\040\000c\000o\000u\000n\000t\000e\000r\000s}{}% 23
\BOOKMARK [1][-]{section.6.1}{\376\377\000T\000h\000e\000\040\000M\000P\000C\000a\000p\000a\000b\000l\000e\000\040\000c\000o\000u\000n\000t\000e\000r\000s}{chapter.6}% 24
\BOOKMARK [1][-]{section.6.2}{\376\377\000T\000h\000e\000\040\000J\000o\000i\000n\000\040\000c\000o\000u\000n\000t\000e\000r\000s}{chapter.6}% 25
\BOOKMARK [1][-]{section.6.3}{\376\377\000T\000h\000e\000\040\000a\000d\000d\000r\000e\000s\000s\000\040\000a\000d\000v\000e\000r\000t\000i\000s\000e\000m\000e\000n\000t\000\040\000c\000o\000u\000n\000t\000e\000r\000s}{chapter.6}% 26
\BOOKMARK [1][-]{section.6.4}{\376\377\000T\000h\000e\000\040\000c\000o\000n\000n\000e\000c\000t\000i\000o\000n\000\040\000t\000e\000r\000m\000i\000n\000a\000t\000i\000o\000n\000\040\000c\000o\000u\000n\000t\000e\000r\000s}{chapter.6}% 27
\BOOKMARK [1][-]{section.6.5}{\376\377\000T\000h\000e\000\040\000o\000t\000h\000e\000r\000\040\000c\000o\000u\000n\000t\000e\000r\000s}{chapter.6}% 28
\BOOKMARK [0][-]{chapter.7}{\376\377\000B\000i\000b\000l\000i\000o\000g\000r\000a\000p\000h\000y}{}% 29
\BOOKMARK [0][-]{chapter.8}{\376\377\000I\000n\000d\000i\000c\000e\000s\000\040\000a\000n\000d\000\040\000t\000a\000b\000l\000e\000s}{}% 30
\BOOKMARK [0][-]{chapter*.3}{\376\377\000B\000i\000b\000l\000i\000o\000g\000r\000a\000p\000h\000y}{}% 31
\BOOKMARK [0][-]{section*.4}{\376\377\000I\000n\000d\000e\000x}{}% 32
