\BOOKMARK [0][-]{chapter.1}{\376\377\000M\000u\000l\000t\000i\000p\000a\000t\000h\000\040\000T\000C\000P\000\040\000o\000n\000\040\000r\000e\000c\000e\000n\000t\000\040\000L\000i\000n\000u\000x\000\040\000k\000e\000r\000n\000e\000l\000s}{}% 1
\BOOKMARK [1][-]{section.1.1}{\376\377\000E\000n\000a\000b\000l\000i\000n\000g\000\040\000M\000u\000l\000t\000i\000p\000a\000t\000h\000\040\000T\000C\000P}{chapter.1}% 2
\BOOKMARK [1][-]{section.1.2}{\376\377\000A\000n\000a\000l\000y\000z\000i\000n\000g\000\040\000t\000h\000e\000\040\000o\000u\000t\000p\000u\000t\000\040\000o\000f\000\040\000s\000s}{chapter.1}% 3
\BOOKMARK [0][-]{chapter.2}{\376\377\000A\000n\000a\000l\000y\000z\000i\000n\000g\000\040\000t\000h\000e\000\040\000o\000u\000t\000p\000u\000t\000\040\000o\000f\000\040\000n\000s\000t\000a\000t}{}% 4
\BOOKMARK [1][-]{section.2.1}{\376\377\000U\000s\000i\000n\000g\000\040\000n\000s\000t\000a\000t}{chapter.2}% 5
\BOOKMARK [1][-]{section.2.2}{\376\377\000T\000h\000e\000\040\000C\000a\000s\000e\000\040\000d\000i\000a\000g\000r\000a\000m\000s}{chapter.2}% 6
\BOOKMARK [0][-]{chapter.3}{\376\377\000T\000h\000e\000\040\000M\000u\000l\000t\000i\000p\000a\000t\000h\000\040\000T\000C\000P\000\040\000c\000o\000u\000n\000t\000e\000r\000s}{}% 7
\BOOKMARK [1][-]{section.3.1}{\376\377\000T\000h\000e\000\040\000M\000P\000C\000a\000p\000a\000b\000l\000e\000\040\000c\000o\000u\000n\000t\000e\000r\000s}{chapter.3}% 8
\BOOKMARK [1][-]{section.3.2}{\376\377\000T\000h\000e\000\040\000J\000o\000i\000n\000\040\000c\000o\000u\000n\000t\000e\000r\000s}{chapter.3}% 9
\BOOKMARK [1][-]{section.3.3}{\376\377\000T\000h\000e\000\040\000a\000d\000d\000r\000e\000s\000s\000\040\000a\000d\000v\000e\000r\000t\000i\000s\000e\000m\000e\000n\000t\000\040\000c\000o\000u\000n\000t\000e\000r\000s}{chapter.3}% 10
\BOOKMARK [1][-]{section.3.4}{\376\377\000T\000h\000e\000\040\000c\000o\000n\000n\000e\000c\000t\000i\000o\000n\000\040\000t\000e\000r\000m\000i\000n\000a\000t\000i\000o\000n\000\040\000c\000o\000u\000n\000t\000e\000r\000s}{chapter.3}% 11
\BOOKMARK [1][-]{section.3.5}{\376\377\000T\000h\000e\000\040\000o\000t\000h\000e\000r\000\040\000c\000o\000u\000n\000t\000e\000r\000s}{chapter.3}% 12
\BOOKMARK [0][-]{chapter.4}{\376\377\000T\000h\000e\000\040\000T\000r\000a\000n\000s\000m\000i\000s\000s\000i\000o\000n\000\040\000C\000o\000n\000t\000r\000o\000l\000\040\000P\000r\000o\000t\000o\000c\000o\000l\000\040\000\050\000T\000C\000P\000\051}{}% 13
\BOOKMARK [0][-]{chapter.5}{\376\377\000M\000u\000l\000t\000i\000p\000a\000t\000h\000\040\000T\000C\000P}{}% 14
\BOOKMARK [1][-]{section.5.1}{\376\377\000A\000\040\000b\000r\000i\000e\000f\000\040\000o\000v\000e\000r\000v\000i\000e\000w\000\040\000o\000f\000\040\000M\000u\000l\000t\000i\000p\000a\000t\000h\000\040\000T\000C\000P}{chapter.5}% 15
\BOOKMARK [1][-]{section.5.2}{\376\377\000C\000r\000e\000a\000t\000i\000n\000g\000\040\000a\000\040\000M\000u\000l\000t\000i\000p\000a\000t\000h\000\040\000T\000C\000P\000\040\000c\000o\000n\000n\000e\000c\000t\000i\000o\000n}{chapter.5}% 16
\BOOKMARK [2][-]{subsection.5.2.1}{\376\377\000T\000h\000e\000\040\000M\000u\000l\000t\000i\000p\000a\000t\000h\000\040\000T\000C\000P\000\040\000h\000a\000n\000d\000s\000h\000a\000k\000e}{section.5.2}% 17
\BOOKMARK [1][-]{section.5.3}{\376\377\000A\000d\000d\000r\000e\000s\000s\000\040\000a\000n\000d\000\040\000s\000u\000b\000f\000l\000o\000w\000\040\000m\000a\000n\000a\000g\000e\000m\000e\000n\000t}{chapter.5}% 18
\BOOKMARK [1][-]{section.5.4}{\376\377\000D\000a\000t\000a\000\040\000t\000r\000a\000n\000s\000f\000e\000r}{chapter.5}% 19
\BOOKMARK [1][-]{section.5.5}{\376\377\000C\000o\000n\000g\000e\000s\000t\000i\000o\000n\000\040\000c\000o\000n\000t\000r\000o\000l}{chapter.5}% 20
\BOOKMARK [2][-]{subsection.5.5.1}{\376\377\000L\000I\000A}{section.5.5}% 21
\BOOKMARK [2][-]{subsection.5.5.2}{\376\377\000O\000L\000I\000A}{section.5.5}% 22
\BOOKMARK [2][-]{subsection.5.5.3}{\376\377\000B\000A\000L\000I\000A}{section.5.5}% 23
\BOOKMARK [2][-]{subsection.5.5.4}{\376\377\000M\000P\000C\000C}{section.5.5}% 24
\BOOKMARK [1][-]{section.5.6}{\376\377\000C\000o\000n\000n\000e\000c\000t\000i\000o\000n\000\040\000r\000e\000l\000e\000a\000s\000e}{chapter.5}% 25
\BOOKMARK [1][-]{section.5.7}{\376\377\000C\000o\000p\000i\000n\000g\000\040\000w\000i\000t\000h\000\040\000m\000i\000d\000d\000l\000e\000b\000o\000x\000\040\000i\000n\000t\000e\000r\000f\000e\000r\000e\000n\000c\000e}{chapter.5}% 26
\BOOKMARK [1][-]{section.5.8}{\376\377\000T\000h\000e\000\040\000p\000r\000o\000t\000o\000c\000o\000l\000\040\000d\000e\000t\000a\000i\000l\000s}{chapter.5}% 27
\BOOKMARK [0][-]{chapter.6}{\376\377\000B\000i\000b\000l\000i\000o\000g\000r\000a\000p\000h\000y}{}% 28
\BOOKMARK [0][-]{chapter.7}{\376\377\000I\000n\000d\000i\000c\000e\000s\000\040\000a\000n\000d\000\040\000t\000a\000b\000l\000e\000s}{}% 29
\BOOKMARK [0][-]{chapter*.3}{\376\377\000B\000i\000b\000l\000i\000o\000g\000r\000a\000p\000h\000y}{}% 30
\BOOKMARK [0][-]{section*.4}{\376\377\000I\000n\000d\000e\000x}{}% 31
