This is pdfTeX, Version 3.14159265-2.6-1.40.21 (TeX Live 2020/Debian) (preloaded format=pdflatex 2022.7.4)  7 NOV 2022 14:20
entering extended mode
 restricted \write18 enabled.
 %&-line parsing enabled.
**MPTCP-doc.tex
(./MPTCP-doc.tex
LaTeX2e <2020-10-01> patch level 4
L3 programming layer <2021-01-09> xparse <2020-03-03> (./sphinxmanual.cls
Document Class: sphinxmanual 2019/12/01 v2.3.0 Document class (Sphinx manual)
(/usr/share/texlive/texmf-dist/tex/latex/base/report.cls
Document Class: report 2020/04/10 v1.4m Standard LaTeX document class
(/usr/share/texlive/texmf-dist/tex/latex/base/size10.clo
File: size10.clo 2020/04/10 v1.4m Standard LaTeX file (size option)
)
\c@part=\count177
\c@chapter=\count178
\c@section=\count179
\c@subsection=\count180
\c@subsubsection=\count181
\c@paragraph=\count182
\c@subparagraph=\count183
\c@figure=\count184
\c@table=\count185
\abovecaptionskip=\skip47
\belowcaptionskip=\skip48
\bibindent=\dimen138
)
LaTeX Info: Redefining \and on input line 35.
)
(/usr/share/texlive/texmf-dist/tex/latex/base/inputenc.sty
Package: inputenc 2020/08/01 v1.3d Input encoding file
\inpenc@prehook=\toks15
\inpenc@posthook=\toks16
)
   defining Unicode char U+00A0 (decimal 160)
   defining Unicode char U+2500 (decimal 9472)
   defining Unicode char U+2502 (decimal 9474)
   defining Unicode char U+2514 (decimal 9492)
   defining Unicode char U+251C (decimal 9500)
   defining Unicode char U+2572 (decimal 9586)

(/usr/share/texlive/texmf-dist/tex/latex/cmap/cmap.sty
Package: cmap 2021/02/04 v1.0j CMap support: searchable PDF
)
(/usr/share/texlive/texmf-dist/tex/latex/base/fontenc.sty
Package: fontenc 2020/08/10 v2.0s Standard LaTeX package
<<t1.cmap>>)
(/usr/share/texlive/texmf-dist/tex/latex/amsmath/amsmath.sty
Package: amsmath 2020/09/23 v2.17i AMS math features
\@mathmargin=\skip49

For additional information on amsmath, use the `?' option.
(/usr/share/texlive/texmf-dist/tex/latex/amsmath/amstext.sty
Package: amstext 2000/06/29 v2.01 AMS text

(/usr/share/texlive/texmf-dist/tex/latex/amsmath/amsgen.sty
File: amsgen.sty 1999/11/30 v2.0 generic functions
\@emptytoks=\toks17
\ex@=\dimen139
))
(/usr/share/texlive/texmf-dist/tex/latex/amsmath/amsbsy.sty
Package: amsbsy 1999/11/29 v1.2d Bold Symbols
\pmbraise@=\dimen140
)
(/usr/share/texlive/texmf-dist/tex/latex/amsmath/amsopn.sty
Package: amsopn 2016/03/08 v2.02 operator names
)
\inf@bad=\count186
LaTeX Info: Redefining \frac on input line 234.
\uproot@=\count187
\leftroot@=\count188
LaTeX Info: Redefining \overline on input line 399.
\classnum@=\count189
\DOTSCASE@=\count190
LaTeX Info: Redefining \ldots on input line 496.
LaTeX Info: Redefining \dots on input line 499.
LaTeX Info: Redefining \cdots on input line 620.
\Mathstrutbox@=\box47
\strutbox@=\box48
\big@size=\dimen141
LaTeX Font Info:    Redeclaring font encoding OML on input line 743.
LaTeX Font Info:    Redeclaring font encoding OMS on input line 744.
\macc@depth=\count191
\c@MaxMatrixCols=\count192
\dotsspace@=\muskip16
\c@parentequation=\count193
\dspbrk@lvl=\count194
\tag@help=\toks18
\row@=\count195
\column@=\count196
\maxfields@=\count197
\andhelp@=\toks19
\eqnshift@=\dimen142
\alignsep@=\dimen143
\tagshift@=\dimen144
\tagwidth@=\dimen145
\totwidth@=\dimen146
\lineht@=\dimen147
\@envbody=\toks20
\multlinegap=\skip50
\multlinetaggap=\skip51
\mathdisplay@stack=\toks21
LaTeX Info: Redefining \[ on input line 2923.
LaTeX Info: Redefining \] on input line 2924.
)
(/usr/share/texlive/texmf-dist/tex/latex/amsfonts/amssymb.sty
Package: amssymb 2013/01/14 v3.01 AMS font symbols

(/usr/share/texlive/texmf-dist/tex/latex/amsfonts/amsfonts.sty
Package: amsfonts 2013/01/14 v3.01 Basic AMSFonts support
\symAMSa=\mathgroup4
\symAMSb=\mathgroup5
LaTeX Font Info:    Redeclaring math symbol \hbar on input line 98.
LaTeX Font Info:    Overwriting math alphabet `\mathfrak' in version `bold'
(Font)                  U/euf/m/n --> U/euf/b/n on input line 106.
))
(/usr/share/texlive/texmf-dist/tex/generic/babel/babel.sty
Package: babel 2021/01/26 3.53 The Babel package

(/usr/share/texlive/texmf-dist/tex/generic/babel/babel.def
File: babel.def 2021/01/26 3.53 Babel common definitions
\babel@savecnt=\count198
\U@D=\dimen148
\l@babelnohyphens=\language86

(/usr/share/texlive/texmf-dist/tex/generic/babel/txtbabel.def)
\bbl@readstream=\read2
)
\bbl@dirlevel=\count199

(/usr/share/texlive/texmf-dist/tex/generic/babel-english/english.ldf
Language: english 2017/06/06 v3.3r English support from the babel system
Package babel Info: \l@canadian = using hyphenrules for english
(babel)             (\language0) on input line 102.
Package babel Info: \l@australian = using hyphenrules for ukenglish
(babel)             (\language12) on input line 105.
Package babel Info: \l@newzealand = using hyphenrules for ukenglish
(babel)             (\language12) on input line 108.
))
(/usr/share/texmf/tex/latex/tex-gyre/tgtermes.sty
Package: tgtermes 2009/09/27 v1.2 TeX Gyre Termes as default roman family

(/usr/share/texlive/texmf-dist/tex/latex/kvoptions/kvoptions.sty
Package: kvoptions 2020-10-07 v3.14 Key value format for package options (HO)

(/usr/share/texlive/texmf-dist/tex/latex/graphics/keyval.sty
Package: keyval 2014/10/28 v1.15 key=value parser (DPC)
\KV@toks@=\toks22
)
(/usr/share/texlive/texmf-dist/tex/generic/ltxcmds/ltxcmds.sty
Package: ltxcmds 2020-05-10 v1.25 LaTeX kernel commands for general use (HO)
)
(/usr/share/texlive/texmf-dist/tex/generic/kvsetkeys/kvsetkeys.sty
Package: kvsetkeys 2019/12/15 v1.18 Key value parser (HO)
)))
(/usr/share/texmf/tex/latex/tex-gyre/tgheros.sty
Package: tgheros 2009/09/27 v1.2 TeX Gyre Heros as default sans serif family
)
(/usr/share/texlive/texmf-dist/tex/latex/fncychap/fncychap.sty
Package: fncychap 2007/07/30 v1.34 LaTeX package (Revised chapters)
\RW=\skip52
\mylen=\skip53
\myhi=\skip54
\px=\skip55
\py=\skip56
\pyy=\skip57
\pxx=\skip58
\c@AlphaCnt=\count266
\c@AlphaDecCnt=\count267
) (./sphinx.sty
Package: sphinx 2021/01/27 v4.0.0 LaTeX package (Sphinx markup)

(/usr/share/texlive/texmf-dist/tex/latex/xcolor/xcolor.sty
Package: xcolor 2016/05/11 v2.12 LaTeX color extensions (UK)

(/usr/share/texlive/texmf-dist/tex/latex/graphics-cfg/color.cfg
File: color.cfg 2016/01/02 v1.6 sample color configuration
)
Package xcolor Info: Driver file: pdftex.def on input line 225.

(/usr/share/texlive/texmf-dist/tex/latex/graphics-def/pdftex.def
File: pdftex.def 2020/10/05 v1.2a Graphics/color driver for pdftex
)
Package xcolor Info: Model `cmy' substituted by `cmy0' on input line 1348.
Package xcolor Info: Model `hsb' substituted by `rgb' on input line 1352.
Package xcolor Info: Model `RGB' extended on input line 1364.
Package xcolor Info: Model `HTML' substituted by `rgb' on input line 1366.
Package xcolor Info: Model `Hsb' substituted by `hsb' on input line 1367.
Package xcolor Info: Model `tHsb' substituted by `hsb' on input line 1368.
Package xcolor Info: Model `HSB' substituted by `hsb' on input line 1369.
Package xcolor Info: Model `Gray' substituted by `gray' on input line 1370.
Package xcolor Info: Model `wave' substituted by `hsb' on input line 1371.
)
\sphinxverbatimsep=\dimen149
\sphinxverbatimborder=\dimen150
\sphinxshadowsep=\dimen151
\sphinxshadowsize=\dimen152
\sphinxshadowrule=\dimen153
\spx@notice@border=\dimen154

(./sphinxoptionshyperref.sty
File: sphinxoptionshyperref.sty 2021/01/27 hyperref
) (./sphinxoptionsgeometry.sty
File: sphinxoptionsgeometry.sty 2021/01/27 geometry
)
(/usr/share/texlive/texmf-dist/tex/latex/base/textcomp.sty
Package: textcomp 2020/02/02 v2.0n Standard LaTeX package
)
(/usr/share/texlive/texmf-dist/tex/latex/float/float.sty
Package: float 2001/11/08 v1.3d Float enhancements (AL)
\c@float@type=\count268
\float@exts=\toks23
\float@box=\box49
\@float@everytoks=\toks24
\@floatcapt=\box50
)
(/usr/share/texlive/texmf-dist/tex/latex/wrapfig/wrapfig.sty
\wrapoverhang=\dimen155
\WF@size=\dimen156
\c@WF@wrappedlines=\count269
\WF@box=\box51
\WF@everypar=\toks25
Package: wrapfig 2003/01/31  v 3.6
)
(/usr/share/texlive/texmf-dist/tex/latex/capt-of/capt-of.sty
Package: capt-of 2009/12/29 v0.2 standard captions outside of floats
)
(/usr/share/texlive/texmf-dist/tex/latex/tools/multicol.sty
Package: multicol 2019/12/09 v1.8y multicolumn formatting (FMi)
\c@tracingmulticols=\count270
\mult@box=\box52
\multicol@leftmargin=\dimen157
\c@unbalance=\count271
\c@collectmore=\count272
\doublecol@number=\count273
\multicoltolerance=\count274
\multicolpretolerance=\count275
\full@width=\dimen158
\page@free=\dimen159
\premulticols=\dimen160
\postmulticols=\dimen161
\multicolsep=\skip59
\multicolbaselineskip=\skip60
\partial@page=\box53
\last@line=\box54
\maxbalancingoverflow=\dimen162
\mult@rightbox=\box55
\mult@grightbox=\box56
\mult@gfirstbox=\box57
\mult@firstbox=\box58
\@tempa=\box59
\@tempa=\box60
\@tempa=\box61
\@tempa=\box62
\@tempa=\box63
\@tempa=\box64
\@tempa=\box65
\@tempa=\box66
\@tempa=\box67
\@tempa=\box68
\@tempa=\box69
\@tempa=\box70
\@tempa=\box71
\@tempa=\box72
\@tempa=\box73
\@tempa=\box74
\@tempa=\box75
\@tempa=\box76
\@tempa=\box77
\@tempa=\box78
\@tempa=\box79
\@tempa=\box80
\@tempa=\box81
\@tempa=\box82
\@tempa=\box83
\@tempa=\box84
\@tempa=\box85
\@tempa=\box86
\@tempa=\box87
\@tempa=\box88
\@tempa=\box89
\@tempa=\box90
\@tempa=\box91
\@tempa=\box92
\@tempa=\box93
\@tempa=\box94
\@tempa=\box95
\c@minrows=\count276
\c@columnbadness=\count277
\c@finalcolumnbadness=\count278
\last@try=\dimen163
\multicolovershoot=\dimen164
\multicolundershoot=\dimen165
\mult@nat@firstbox=\box96
\colbreak@box=\box97
\mc@col@check@num=\count279
)
(/usr/share/texlive/texmf-dist/tex/latex/graphics/graphicx.sty
Package: graphicx 2020/09/09 v1.2b Enhanced LaTeX Graphics (DPC,SPQR)

(/usr/share/texlive/texmf-dist/tex/latex/graphics/graphics.sty
Package: graphics 2020/08/30 v1.4c Standard LaTeX Graphics (DPC,SPQR)

(/usr/share/texlive/texmf-dist/tex/latex/graphics/trig.sty
Package: trig 2016/01/03 v1.10 sin cos tan (DPC)
)
(/usr/share/texlive/texmf-dist/tex/latex/graphics-cfg/graphics.cfg
File: graphics.cfg 2016/06/04 v1.11 sample graphics configuration
)
Package graphics Info: Driver file: pdftex.def on input line 105.
)
\Gin@req@height=\dimen166
\Gin@req@width=\dimen167
)
(./sphinxlatexgraphics.sty
File: sphinxlatexgraphics.sty 2021/01/27 graphics
\spx@image@maxheight=\dimen168
\spx@image@box=\box98
) (./sphinxlatexadmonitions.sty
File: sphinxlatexadmonitions.sty 2021/01/27 admonitions

(/usr/share/texlive/texmf-dist/tex/latex/framed/framed.sty
Package: framed 2011/10/22 v 0.96: framed or shaded text with page breaks
\OuterFrameSep=\skip61
\fb@frw=\dimen169
\fb@frh=\dimen170
\FrameRule=\dimen171
\FrameSep=\dimen172
))
(./sphinxlatexliterals.sty
File: sphinxlatexliterals.sty 2021/01/27 code-blocks and parsed literals

(/usr/share/texlive/texmf-dist/tex/latex/fancyvrb/fancyvrb.sty
Package: fancyvrb 2021/01/20 v3.7 verbatim text (tvz,hv)
\FV@CodeLineNo=\count280
\FV@InFile=\read3
\FV@TabBox=\box99
\c@FancyVerbLine=\count281
\FV@StepNumber=\count282
\FV@OutFile=\write3
)
(/usr/share/texlive/texmf-dist/tex/latex/base/alltt.sty
Package: alltt 1997/06/16 v2.0g defines alltt environment
)
(/usr/share/texlive/texmf-dist/tex/latex/upquote/upquote.sty
Package: upquote 2012/04/19 v1.3 upright-quote and grave-accent glyphs in verba
tim
)
(/usr/share/texlive/texmf-dist/tex/latex/needspace/needspace.sty
Package: needspace 2010/09/12 v1.3d reserve vertical space
)
\sphinxcontinuationbox=\box100
\sphinxvisiblespacebox=\box101
\sphinxVerbatim@TitleBox=\box102
\sphinxVerbatim@ContentsBox=\box103
\spx@scratchbox=\box104
)
(./sphinxlatexshadowbox.sty
File: sphinxlatexshadowbox.sty 2021/01/27 sphinxShadowBox
) (./sphinxlatexcontainers.sty
File: sphinxlatexcontainers.sty 2021/05/03 containers
)
(./sphinxhighlight.sty
Package: sphinxhighlight 2016/05/29 stylesheet for highlighting with pygments
) (./sphinxlatextables.sty
File: sphinxlatextables.sty 2021/01/27 tables

(/usr/share/texlive/texmf-dist/tex/latex/tabulary/tabulary.sty
Package: tabulary 2014/06/11 v0.10 tabulary package (DPC)

(/usr/share/texlive/texmf-dist/tex/latex/tools/array.sty
Package: array 2020/10/01 v2.5c Tabular extension package (FMi)
\col@sep=\dimen173
\ar@mcellbox=\box105
\extrarowheight=\dimen174
\NC@list=\toks26
\extratabsurround=\skip62
\backup@length=\skip63
\ar@cellbox=\box106
)
\TY@count=\count283
\TY@linewidth=\dimen175
\tymin=\dimen176
\tymax=\dimen177
\TY@tablewidth=\dimen178
)
(/usr/share/texlive/texmf-dist/tex/latex/tools/longtable.sty
Package: longtable 2020/01/07 v4.13 Multi-page Table package (DPC)
\LTleft=\skip64
\LTright=\skip65
\LTpre=\skip66
\LTpost=\skip67
\LTchunksize=\count284
\LTcapwidth=\dimen179
\LT@head=\box107
\LT@firsthead=\box108
\LT@foot=\box109
\LT@lastfoot=\box110
\LT@cols=\count285
\LT@rows=\count286
\c@LT@tables=\count287
\c@LT@chunks=\count288
\LT@p@ftn=\toks27
)
(/usr/share/texlive/texmf-dist/tex/latex/varwidth/varwidth.sty
Package: varwidth 2009/03/30 ver 0.92;  Variable-width minipages
\@vwid@box=\box111
\sift@deathcycles=\count289
\@vwid@loff=\dimen180
\@vwid@roff=\dimen181
)
\sphinx@TY@tablewidth=\dimen182
)
(./sphinxlatexnumfig.sty
File: sphinxlatexnumfig.sty 2021/01/27 numbering
) (./sphinxlatexlists.sty
File: sphinxlatexlists.sty 2021/01/27 lists
)
\c@sphinxscope=\count290
\c@sphinxexplicit=\count291
 (./sphinxpackagefootnote.sty
Package: sphinxpackagefootnote 2021/02/04 v1.1d footnotehyper adapted to sphinx
 (Sphinx team)
\FNH@notes=\box112
\FNH@toks=\toks28
\FNH@width=\dimen183
) (./sphinxlatexindbibtoc.sty
File: sphinxlatexindbibtoc.sty 2021/01/27 index, bib., toc

(/usr/share/texlive/texmf-dist/tex/latex/base/makeidx.sty
Package: makeidx 2014/09/29 v1.0m Standard LaTeX package
))
(./sphinxlatexstylepage.sty
File: sphinxlatexstylepage.sty 2021/01/27 page styling

(/usr/share/texlive/texmf-dist/tex/latex/parskip/parskip.sty
Rollback for package 'parskip' requested -> version 'v1'.
         This corresponds to the release introduced on 2001-04-09.

(/usr/share/texlive/texmf-dist/tex/latex/parskip/parskip-2001-04-09.sty
Package: parskip 2001/04/09 non-zero parskip adjustments
))
(/usr/share/texlive/texmf-dist/tex/latex/fancyhdr/fancyhdr.sty
Package: fancyhdr 2021/01/04 v4.0 Extensive control of page headers and footers

\f@nch@headwidth=\skip68
\f@nch@O@elh=\skip69
\f@nch@O@erh=\skip70
\f@nch@O@olh=\skip71
\f@nch@O@orh=\skip72
\f@nch@O@elf=\skip73
\f@nch@O@erf=\skip74
\f@nch@O@olf=\skip75
\f@nch@O@orf=\skip76
))
(./sphinxlatexstyleheadings.sty
File: sphinxlatexstyleheadings.sty 2021/01/27 headings

(/usr/share/texlive/texmf-dist/tex/latex/titlesec/titlesec.sty
Package: titlesec 2019/10/16 v2.13 Sectioning titles
\ttl@box=\box113
\beforetitleunit=\skip77
\aftertitleunit=\skip78
\ttl@plus=\dimen184
\ttl@minus=\dimen185
\ttl@toksa=\toks29
\titlewidth=\dimen186
\titlewidthlast=\dimen187
\titlewidthfirst=\dimen188
))
(./sphinxlatexstyletext.sty
File: sphinxlatexstyletext.sty 2021/01/27 text styling
) (./sphinxlatexobjects.sty
File: sphinxlatexobjects.sty 2021/01/27 documentation environments
\py@argswidth=\skip79
\lineblockindentation=\skip80
\DUlineblockindent=\skip81
))
(/usr/share/texlive/texmf-dist/tex/latex/geometry/geometry.sty
Package: geometry 2020/01/02 v5.9 Page Geometry

(/usr/share/texlive/texmf-dist/tex/generic/iftex/ifvtex.sty
Package: ifvtex 2019/10/25 v1.7 ifvtex legacy package. Use iftex instead.

(/usr/share/texlive/texmf-dist/tex/generic/iftex/iftex.sty
Package: iftex 2020/03/06 v1.0d TeX engine tests
))
\Gm@cnth=\count292
\Gm@cntv=\count293
\c@Gm@tempcnt=\count294
\Gm@bindingoffset=\dimen189
\Gm@wd@mp=\dimen190
\Gm@odd@mp=\dimen191
\Gm@even@mp=\dimen192
\Gm@layoutwidth=\dimen193
\Gm@layoutheight=\dimen194
\Gm@layouthoffset=\dimen195
\Gm@layoutvoffset=\dimen196
\Gm@dimlist=\toks30
)
(./sphinxcontribtikz.sty
(/usr/share/texlive/texmf-dist/tex/latex/pgf/frontendlayer/tikz.sty
(/usr/share/texlive/texmf-dist/tex/latex/pgf/basiclayer/pgf.sty
(/usr/share/texlive/texmf-dist/tex/latex/pgf/utilities/pgfrcs.sty
(/usr/share/texlive/texmf-dist/tex/generic/pgf/utilities/pgfutil-common.tex
\pgfutil@everybye=\toks31
\pgfutil@tempdima=\dimen197
\pgfutil@tempdimb=\dimen198

(/usr/share/texlive/texmf-dist/tex/generic/pgf/utilities/pgfutil-common-lists.t
ex)) (/usr/share/texlive/texmf-dist/tex/generic/pgf/utilities/pgfutil-latex.def
\pgfutil@abb=\box114
) (/usr/share/texlive/texmf-dist/tex/generic/pgf/utilities/pgfrcs.code.tex
(/usr/share/texlive/texmf-dist/tex/generic/pgf/pgf.revision.tex)
Package: pgfrcs 2020/12/27 v3.1.8b (3.1.8b)
))
Package: pgf 2020/12/27 v3.1.8b (3.1.8b)

(/usr/share/texlive/texmf-dist/tex/latex/pgf/basiclayer/pgfcore.sty
(/usr/share/texlive/texmf-dist/tex/latex/pgf/systemlayer/pgfsys.sty
(/usr/share/texlive/texmf-dist/tex/generic/pgf/systemlayer/pgfsys.code.tex
Package: pgfsys 2020/12/27 v3.1.8b (3.1.8b)

(/usr/share/texlive/texmf-dist/tex/generic/pgf/utilities/pgfkeys.code.tex
\pgfkeys@pathtoks=\toks32
\pgfkeys@temptoks=\toks33

(/usr/share/texlive/texmf-dist/tex/generic/pgf/utilities/pgfkeysfiltered.code.t
ex
\pgfkeys@tmptoks=\toks34
))
\pgf@x=\dimen199
\pgf@y=\dimen256
\pgf@xa=\dimen257
\pgf@ya=\dimen258
\pgf@xb=\dimen259
\pgf@yb=\dimen260
\pgf@xc=\dimen261
\pgf@yc=\dimen262
\pgf@xd=\dimen263
\pgf@yd=\dimen264
\w@pgf@writea=\write4
\r@pgf@reada=\read4
\c@pgf@counta=\count295
\c@pgf@countb=\count296
\c@pgf@countc=\count297
\c@pgf@countd=\count298
\t@pgf@toka=\toks35
\t@pgf@tokb=\toks36
\t@pgf@tokc=\toks37
\pgf@sys@id@count=\count299
 (/usr/share/texlive/texmf-dist/tex/generic/pgf/systemlayer/pgf.cfg
File: pgf.cfg 2020/12/27 v3.1.8b (3.1.8b)
)
Driver file for pgf: pgfsys-pdftex.def

(/usr/share/texlive/texmf-dist/tex/generic/pgf/systemlayer/pgfsys-pdftex.def
File: pgfsys-pdftex.def 2020/12/27 v3.1.8b (3.1.8b)

(/usr/share/texlive/texmf-dist/tex/generic/pgf/systemlayer/pgfsys-common-pdf.de
f
File: pgfsys-common-pdf.def 2020/12/27 v3.1.8b (3.1.8b)
)))
(/usr/share/texlive/texmf-dist/tex/generic/pgf/systemlayer/pgfsyssoftpath.code.
tex
File: pgfsyssoftpath.code.tex 2020/12/27 v3.1.8b (3.1.8b)
\pgfsyssoftpath@smallbuffer@items=\count300
\pgfsyssoftpath@bigbuffer@items=\count301
)
(/usr/share/texlive/texmf-dist/tex/generic/pgf/systemlayer/pgfsysprotocol.code.
tex
File: pgfsysprotocol.code.tex 2020/12/27 v3.1.8b (3.1.8b)
))
(/usr/share/texlive/texmf-dist/tex/generic/pgf/basiclayer/pgfcore.code.tex
Package: pgfcore 2020/12/27 v3.1.8b (3.1.8b)

(/usr/share/texlive/texmf-dist/tex/generic/pgf/math/pgfmath.code.tex
(/usr/share/texlive/texmf-dist/tex/generic/pgf/math/pgfmathcalc.code.tex
(/usr/share/texlive/texmf-dist/tex/generic/pgf/math/pgfmathutil.code.tex)
(/usr/share/texlive/texmf-dist/tex/generic/pgf/math/pgfmathparser.code.tex
\pgfmath@dimen=\dimen265
\pgfmath@count=\count302
\pgfmath@box=\box115
\pgfmath@toks=\toks38
\pgfmath@stack@operand=\toks39
\pgfmath@stack@operation=\toks40
)
(/usr/share/texlive/texmf-dist/tex/generic/pgf/math/pgfmathfunctions.code.tex
(/usr/share/texlive/texmf-dist/tex/generic/pgf/math/pgfmathfunctions.basic.code
.tex)
(/usr/share/texlive/texmf-dist/tex/generic/pgf/math/pgfmathfunctions.trigonomet
ric.code.tex)
(/usr/share/texlive/texmf-dist/tex/generic/pgf/math/pgfmathfunctions.random.cod
e.tex)
(/usr/share/texlive/texmf-dist/tex/generic/pgf/math/pgfmathfunctions.comparison
.code.tex)
(/usr/share/texlive/texmf-dist/tex/generic/pgf/math/pgfmathfunctions.base.code.
tex)
(/usr/share/texlive/texmf-dist/tex/generic/pgf/math/pgfmathfunctions.round.code
.tex)
(/usr/share/texlive/texmf-dist/tex/generic/pgf/math/pgfmathfunctions.misc.code.
tex)
(/usr/share/texlive/texmf-dist/tex/generic/pgf/math/pgfmathfunctions.integerari
thmetics.code.tex)))
(/usr/share/texlive/texmf-dist/tex/generic/pgf/math/pgfmathfloat.code.tex
\c@pgfmathroundto@lastzeros=\count303
))
(/usr/share/texlive/texmf-dist/tex/generic/pgf/math/pgfint.code.tex)
(/usr/share/texlive/texmf-dist/tex/generic/pgf/basiclayer/pgfcorepoints.code.te
x
File: pgfcorepoints.code.tex 2020/12/27 v3.1.8b (3.1.8b)
\pgf@picminx=\dimen266
\pgf@picmaxx=\dimen267
\pgf@picminy=\dimen268
\pgf@picmaxy=\dimen269
\pgf@pathminx=\dimen270
\pgf@pathmaxx=\dimen271
\pgf@pathminy=\dimen272
\pgf@pathmaxy=\dimen273
\pgf@xx=\dimen274
\pgf@xy=\dimen275
\pgf@yx=\dimen276
\pgf@yy=\dimen277
\pgf@zx=\dimen278
\pgf@zy=\dimen279
LaTeX Font Info:    Trying to load font information for T1+qtm on input line 92
6.
 (/usr/share/texmf/tex/latex/tex-gyre/t1qtm.fd
File: t1qtm.fd 2009/09/25 v1.2 font definition file for T1/qtm
))
(/usr/share/texlive/texmf-dist/tex/generic/pgf/basiclayer/pgfcorepathconstruct.
code.tex
File: pgfcorepathconstruct.code.tex 2020/12/27 v3.1.8b (3.1.8b)
\pgf@path@lastx=\dimen280
\pgf@path@lasty=\dimen281
)
(/usr/share/texlive/texmf-dist/tex/generic/pgf/basiclayer/pgfcorepathusage.code
.tex
File: pgfcorepathusage.code.tex 2020/12/27 v3.1.8b (3.1.8b)
\pgf@shorten@end@additional=\dimen282
\pgf@shorten@start@additional=\dimen283
)
(/usr/share/texlive/texmf-dist/tex/generic/pgf/basiclayer/pgfcorescopes.code.te
x
File: pgfcorescopes.code.tex 2020/12/27 v3.1.8b (3.1.8b)
\pgfpic=\box116
\pgf@hbox=\box117
\pgf@layerbox@main=\box118
\pgf@picture@serial@count=\count304
)
(/usr/share/texlive/texmf-dist/tex/generic/pgf/basiclayer/pgfcoregraphicstate.c
ode.tex
File: pgfcoregraphicstate.code.tex 2020/12/27 v3.1.8b (3.1.8b)
\pgflinewidth=\dimen284
)
(/usr/share/texlive/texmf-dist/tex/generic/pgf/basiclayer/pgfcoretransformation
s.code.tex
File: pgfcoretransformations.code.tex 2020/12/27 v3.1.8b (3.1.8b)
\pgf@pt@x=\dimen285
\pgf@pt@y=\dimen286
\pgf@pt@temp=\dimen287
)
(/usr/share/texlive/texmf-dist/tex/generic/pgf/basiclayer/pgfcorequick.code.tex
File: pgfcorequick.code.tex 2020/12/27 v3.1.8b (3.1.8b)
)
(/usr/share/texlive/texmf-dist/tex/generic/pgf/basiclayer/pgfcoreobjects.code.t
ex
File: pgfcoreobjects.code.tex 2020/12/27 v3.1.8b (3.1.8b)
)
(/usr/share/texlive/texmf-dist/tex/generic/pgf/basiclayer/pgfcorepathprocessing
.code.tex
File: pgfcorepathprocessing.code.tex 2020/12/27 v3.1.8b (3.1.8b)
)
(/usr/share/texlive/texmf-dist/tex/generic/pgf/basiclayer/pgfcorearrows.code.te
x
File: pgfcorearrows.code.tex 2020/12/27 v3.1.8b (3.1.8b)
\pgfarrowsep=\dimen288
)
(/usr/share/texlive/texmf-dist/tex/generic/pgf/basiclayer/pgfcoreshade.code.tex
File: pgfcoreshade.code.tex 2020/12/27 v3.1.8b (3.1.8b)
\pgf@max=\dimen289
\pgf@sys@shading@range@num=\count305
\pgf@shadingcount=\count306
)
(/usr/share/texlive/texmf-dist/tex/generic/pgf/basiclayer/pgfcoreimage.code.tex
File: pgfcoreimage.code.tex 2020/12/27 v3.1.8b (3.1.8b)

(/usr/share/texlive/texmf-dist/tex/generic/pgf/basiclayer/pgfcoreexternal.code.
tex
File: pgfcoreexternal.code.tex 2020/12/27 v3.1.8b (3.1.8b)
\pgfexternal@startupbox=\box119
))
(/usr/share/texlive/texmf-dist/tex/generic/pgf/basiclayer/pgfcorelayers.code.te
x
File: pgfcorelayers.code.tex 2020/12/27 v3.1.8b (3.1.8b)
)
(/usr/share/texlive/texmf-dist/tex/generic/pgf/basiclayer/pgfcoretransparency.c
ode.tex
File: pgfcoretransparency.code.tex 2020/12/27 v3.1.8b (3.1.8b)
)
(/usr/share/texlive/texmf-dist/tex/generic/pgf/basiclayer/pgfcorepatterns.code.
tex
File: pgfcorepatterns.code.tex 2020/12/27 v3.1.8b (3.1.8b)
)
(/usr/share/texlive/texmf-dist/tex/generic/pgf/basiclayer/pgfcorerdf.code.tex
File: pgfcorerdf.code.tex 2020/12/27 v3.1.8b (3.1.8b)
)))
(/usr/share/texlive/texmf-dist/tex/generic/pgf/modules/pgfmoduleshapes.code.tex
File: pgfmoduleshapes.code.tex 2020/12/27 v3.1.8b (3.1.8b)
\pgfnodeparttextbox=\box120
) (/usr/share/texlive/texmf-dist/tex/generic/pgf/modules/pgfmoduleplot.code.tex
File: pgfmoduleplot.code.tex 2020/12/27 v3.1.8b (3.1.8b)
)
(/usr/share/texlive/texmf-dist/tex/latex/pgf/compatibility/pgfcomp-version-0-65
.sty
Package: pgfcomp-version-0-65 2020/12/27 v3.1.8b (3.1.8b)
\pgf@nodesepstart=\dimen290
\pgf@nodesepend=\dimen291
)
(/usr/share/texlive/texmf-dist/tex/latex/pgf/compatibility/pgfcomp-version-1-18
.sty
Package: pgfcomp-version-1-18 2020/12/27 v3.1.8b (3.1.8b)
)) (/usr/share/texlive/texmf-dist/tex/latex/pgf/utilities/pgffor.sty
(/usr/share/texlive/texmf-dist/tex/latex/pgf/utilities/pgfkeys.sty
(/usr/share/texlive/texmf-dist/tex/generic/pgf/utilities/pgfkeys.code.tex))
(/usr/share/texlive/texmf-dist/tex/latex/pgf/math/pgfmath.sty
(/usr/share/texlive/texmf-dist/tex/generic/pgf/math/pgfmath.code.tex))
(/usr/share/texlive/texmf-dist/tex/generic/pgf/utilities/pgffor.code.tex
Package: pgffor 2020/12/27 v3.1.8b (3.1.8b)

(/usr/share/texlive/texmf-dist/tex/generic/pgf/math/pgfmath.code.tex)
\pgffor@iter=\dimen292
\pgffor@skip=\dimen293
\pgffor@stack=\toks41
\pgffor@toks=\toks42
))
(/usr/share/texlive/texmf-dist/tex/generic/pgf/frontendlayer/tikz/tikz.code.tex
Package: tikz 2020/12/27 v3.1.8b (3.1.8b)

(/usr/share/texlive/texmf-dist/tex/generic/pgf/libraries/pgflibraryplothandlers
.code.tex
File: pgflibraryplothandlers.code.tex 2020/12/27 v3.1.8b (3.1.8b)
\pgf@plot@mark@count=\count307
\pgfplotmarksize=\dimen294
)
\tikz@lastx=\dimen295
\tikz@lasty=\dimen296
\tikz@lastxsaved=\dimen297
\tikz@lastysaved=\dimen298
\tikz@lastmovetox=\dimen299
\tikz@lastmovetoy=\dimen300
\tikzleveldistance=\dimen301
\tikzsiblingdistance=\dimen302
\tikz@figbox=\box121
\tikz@figbox@bg=\box122
\tikz@tempbox=\box123
\tikz@tempbox@bg=\box124
\tikztreelevel=\count308
\tikznumberofchildren=\count309
\tikznumberofcurrentchild=\count310
\tikz@fig@count=\count311

(/usr/share/texlive/texmf-dist/tex/generic/pgf/modules/pgfmodulematrix.code.tex
File: pgfmodulematrix.code.tex 2020/12/27 v3.1.8b (3.1.8b)
\pgfmatrixcurrentrow=\count312
\pgfmatrixcurrentcolumn=\count313
\pgf@matrix@numberofcolumns=\count314
)
\tikz@expandcount=\count315

(/usr/share/texlive/texmf-dist/tex/generic/pgf/frontendlayer/tikz/libraries/tik
zlibrarytopaths.code.tex
File: tikzlibrarytopaths.code.tex 2020/12/27 v3.1.8b (3.1.8b)
)))
(/usr/share/texlive/texmf-dist/tex/latex/pgfplots/pgfplots.sty
(/usr/share/texlive/texmf-dist/tex/generic/pgfplots/pgfplots.revision.tex)
Package: pgfplots 2020/02/29 v1.17 Data Visualization (1.17)

(/usr/share/texlive/texmf-dist/tex/generic/pgfplots/pgfplots.code.tex
(/usr/share/texlive/texmf-dist/tex/generic/pgfplots/pgfplotscore.code.tex
\t@pgfplots@toka=\toks43
\t@pgfplots@tokb=\toks44
\t@pgfplots@tokc=\toks45
\pgfplots@tmpa=\dimen303
\c@pgfplots@coordindex=\count316
\c@pgfplots@scanlineindex=\count317

(/usr/share/texlive/texmf-dist/tex/generic/pgfplots/sys/pgfplotssysgeneric.code
.tex))
(/usr/share/texlive/texmf-dist/tex/generic/pgfplots/libs/pgfplotslibrary.code.t
ex)
(/usr/share/texlive/texmf-dist/tex/generic/pgfplots/oldpgfcompatib/pgfplotsoldp
gfsupp_loader.code.tex
(/usr/share/texlive/texmf-dist/tex/generic/pgf/libraries/pgflibraryfpu.code.tex
))
(/usr/share/texlive/texmf-dist/tex/generic/pgfplots/util/pgfplotsutil.code.tex
(/usr/share/texlive/texmf-dist/tex/generic/pgfplots/liststructure/pgfplotslists
tructure.code.tex)
(/usr/share/texlive/texmf-dist/tex/generic/pgfplots/liststructure/pgfplotslists
tructureext.code.tex)
(/usr/share/texlive/texmf-dist/tex/generic/pgfplots/liststructure/pgfplotsarray
.code.tex
\c@pgfplotsarray@tmp=\count318
)
(/usr/share/texlive/texmf-dist/tex/generic/pgfplots/liststructure/pgfplotsmatri
x.code.tex)
(/usr/share/texlive/texmf-dist/tex/generic/pgfplots/numtable/pgfplotstableshare
d.code.tex
\c@pgfplotstable@counta=\count319
\t@pgfplotstable@a=\toks46
)
(/usr/share/texlive/texmf-dist/tex/generic/pgfplots/liststructure/pgfplotsdeque
.code.tex)
(/usr/share/texlive/texmf-dist/tex/generic/pgfplots/util/pgfplotsbinary.code.te
x
(/usr/share/texlive/texmf-dist/tex/generic/pgfplots/util/pgfplotsbinary.data.co
de.tex))
(/usr/share/texlive/texmf-dist/tex/generic/pgfplots/util/pgfplotsutil.verb.code
.tex)
(/usr/share/texlive/texmf-dist/tex/generic/pgfplots/libs/pgflibrarypgfplots.sur
fshading.code.tex
\c@pgfplotslibrarysurf@no=\count320

(/usr/share/texlive/texmf-dist/tex/generic/pgfplots/sys/pgflibrarypgfplots.surf
shading.pgfsys-pdftex.def)))
(/usr/share/texlive/texmf-dist/tex/generic/pgfplots/util/pgfplotscolormap.code.
tex
(/usr/share/texlive/texmf-dist/tex/generic/pgfplots/util/pgfplotscolor.code.tex
))
(/usr/share/texlive/texmf-dist/tex/generic/pgfplots/pgfplotsstackedplots.code.t
ex)
(/usr/share/texlive/texmf-dist/tex/generic/pgfplots/pgfplotsplothandlers.code.t
ex
(/usr/share/texlive/texmf-dist/tex/generic/pgfplots/pgfplotsmeshplothandler.cod
e.tex
(/usr/share/texlive/texmf-dist/tex/generic/pgfplots/pgfplotsmeshplotimage.code.
tex)))
(/usr/share/texlive/texmf-dist/tex/generic/pgfplots/pgfplots.scaling.code.tex)
(/usr/share/texlive/texmf-dist/tex/generic/pgfplots/pgfplotscoordprocessing.cod
e.tex)
(/usr/share/texlive/texmf-dist/tex/generic/pgfplots/pgfplots.errorbars.code.tex
) (/usr/share/texlive/texmf-dist/tex/generic/pgfplots/pgfplots.markers.code.tex
) (/usr/share/texlive/texmf-dist/tex/generic/pgfplots/pgfplotsticks.code.tex)
(/usr/share/texlive/texmf-dist/tex/generic/pgfplots/pgfplots.paths.code.tex)
(/usr/share/texlive/texmf-dist/tex/generic/pgf/frontendlayer/tikz/libraries/tik
zlibrarydecorations.code.tex
(/usr/share/texlive/texmf-dist/tex/generic/pgf/modules/pgfmoduledecorations.cod
e.tex
\pgfdecoratedcompleteddistance=\dimen304
\pgfdecoratedremainingdistance=\dimen305
\pgfdecoratedinputsegmentcompleteddistance=\dimen306
\pgfdecoratedinputsegmentremainingdistance=\dimen307
\pgf@decorate@distancetomove=\dimen308
\pgf@decorate@repeatstate=\count321
\pgfdecorationsegmentamplitude=\dimen309
\pgfdecorationsegmentlength=\dimen310
)
\tikz@lib@dec@box=\box125
)
(/usr/share/texlive/texmf-dist/tex/generic/pgf/frontendlayer/tikz/libraries/tik
zlibrarydecorations.pathmorphing.code.tex
(/usr/share/texlive/texmf-dist/tex/generic/pgf/libraries/decorations/pgflibrary
decorations.pathmorphing.code.tex))
(/usr/share/texlive/texmf-dist/tex/generic/pgf/frontendlayer/tikz/libraries/tik
zlibrarydecorations.pathreplacing.code.tex
(/usr/share/texlive/texmf-dist/tex/generic/pgf/libraries/decorations/pgflibrary
decorations.pathreplacing.code.tex))
\pgfplots@numplots=\count322
\pgfplots@xmin@reg=\dimen311
\pgfplots@xmax@reg=\dimen312
\pgfplots@ymin@reg=\dimen313
\pgfplots@ymax@reg=\dimen314
\pgfplots@zmin@reg=\dimen315
\pgfplots@zmax@reg=\dimen316
)
(/usr/share/texlive/texmf-dist/tex/generic/pgf/frontendlayer/tikz/libraries/tik
zlibraryplotmarks.code.tex
File: tikzlibraryplotmarks.code.tex 2020/12/27 v3.1.8b (3.1.8b)

(/usr/share/texlive/texmf-dist/tex/generic/pgf/libraries/pgflibraryplotmarks.co
de.tex
File: pgflibraryplotmarks.code.tex 2020/12/27 v3.1.8b (3.1.8b)
))) (/usr/share/texlive/texmf-dist/tex/generic/ulem/ulem.sty
\UL@box=\box126
\UL@hyphenbox=\box127
\UL@skip=\skip82
\UL@hook=\toks47
\UL@height=\dimen317
\UL@pe=\count323
\UL@pixel=\dimen318
\ULC@box=\box128
Package: ulem 2019/11/18
\ULdepth=\dimen319
)
(./bytefield.sty
Package: bytefield 2021/08/17 v2.7 Network protocol diagrams
 (/usr/share/texlive/texmf-dist/tex/latex/tools/calc.sty
Package: calc 2017/05/25 v4.3 Infix arithmetic (KKT,FJ)
\calc@Acount=\count324
\calc@Bcount=\count325
\calc@Adimen=\dimen320
\calc@Bdimen=\dimen321
\calc@Askip=\skip83
\calc@Bskip=\skip84
LaTeX Info: Redefining \setlength on input line 80.
LaTeX Info: Redefining \addtolength on input line 81.
\calc@Ccount=\count326
\calc@Cskip=\skip85
)
\bytefield@height=\skip86
\bytefield@height@increment=\skip87
\entire@bytefield@picture=\box129
\bf@bitwidth=\skip88
\bf@bitheight=\skip89
\units@wide=\skip90
\units@tall=\skip91
\units@high=\skip92
\header@xpos=\skip93
\c@header@val=\count327
\c@max@header@val=\count328
\curly@box=\box130
\wordlabelr@start=\skip94
\wordlabelr@end=\skip95
\wordlabell@start=\skip96
\wordlabell@end=\skip97
\total@lbox@width=\skip98
\label@box@width=\skip99
\label@box@height=\skip100
\word@label@box=\box131
))
(/usr/share/texlive/texmf-dist/tex/latex/hyperref/hyperref.sty
Package: hyperref 2020-05-15 v7.00e Hypertext links for LaTeX

(/usr/share/texlive/texmf-dist/tex/generic/pdftexcmds/pdftexcmds.sty
Package: pdftexcmds 2020-06-27 v0.33 Utility functions of pdfTeX for LuaTeX (HO
)

(/usr/share/texlive/texmf-dist/tex/generic/infwarerr/infwarerr.sty
Package: infwarerr 2019/12/03 v1.5 Providing info/warning/error messages (HO)
)
Package pdftexcmds Info: \pdf@primitive is available.
Package pdftexcmds Info: \pdf@ifprimitive is available.
Package pdftexcmds Info: \pdfdraftmode found.
)
(/usr/share/texlive/texmf-dist/tex/generic/kvdefinekeys/kvdefinekeys.sty
Package: kvdefinekeys 2019-12-19 v1.6 Define keys (HO)
)
(/usr/share/texlive/texmf-dist/tex/generic/pdfescape/pdfescape.sty
Package: pdfescape 2019/12/09 v1.15 Implements pdfTeX's escape features (HO)
)
(/usr/share/texlive/texmf-dist/tex/latex/hycolor/hycolor.sty
Package: hycolor 2020-01-27 v1.10 Color options for hyperref/bookmark (HO)
)
(/usr/share/texlive/texmf-dist/tex/latex/letltxmacro/letltxmacro.sty
Package: letltxmacro 2019/12/03 v1.6 Let assignment for LaTeX macros (HO)
)
(/usr/share/texlive/texmf-dist/tex/latex/auxhook/auxhook.sty
Package: auxhook 2019-12-17 v1.6 Hooks for auxiliary files (HO)
)
\@linkdim=\dimen322
\Hy@linkcounter=\count329
\Hy@pagecounter=\count330

(/usr/share/texlive/texmf-dist/tex/latex/hyperref/pd1enc.def
File: pd1enc.def 2020-05-15 v7.00e Hyperref: PDFDocEncoding definition (HO)
Now handling font encoding PD1 ...
... no UTF-8 mapping file for font encoding PD1
)
(/usr/share/texlive/texmf-dist/tex/generic/intcalc/intcalc.sty
Package: intcalc 2019/12/15 v1.3 Expandable calculations with integers (HO)
)
(/usr/share/texlive/texmf-dist/tex/generic/etexcmds/etexcmds.sty
Package: etexcmds 2019/12/15 v1.7 Avoid name clashes with e-TeX commands (HO)
)
\Hy@SavedSpaceFactor=\count331
Package hyperref Info: Option `unicode' set `true' on input line 4338.

(/usr/share/texlive/texmf-dist/tex/latex/hyperref/puenc.def
File: puenc.def 2020-05-15 v7.00e Hyperref: PDF Unicode definition (HO)
Now handling font encoding PU ...
... no UTF-8 mapping file for font encoding PU
)
Package hyperref Info: Option `colorlinks' set `true' on input line 4338.
Package hyperref Info: Option `breaklinks' set `true' on input line 4338.
Package hyperref Info: Hyper figures OFF on input line 4464.
Package hyperref Info: Link nesting OFF on input line 4469.
Package hyperref Info: Hyper index ON on input line 4472.
Package hyperref Info: Plain pages OFF on input line 4479.
Package hyperref Info: Backreferencing OFF on input line 4484.
Package hyperref Info: Implicit mode ON; LaTeX internals redefined.
Package hyperref Info: Bookmarks ON on input line 4717.
\c@Hy@tempcnt=\count332

(/usr/share/texlive/texmf-dist/tex/latex/url/url.sty
\Urlmuskip=\muskip17
Package: url 2013/09/16  ver 3.4  Verb mode for urls, etc.
)
LaTeX Info: Redefining \url on input line 5076.
\XeTeXLinkMargin=\dimen323

(/usr/share/texlive/texmf-dist/tex/generic/bitset/bitset.sty
Package: bitset 2019/12/09 v1.3 Handle bit-vector datatype (HO)

(/usr/share/texlive/texmf-dist/tex/generic/bigintcalc/bigintcalc.sty
Package: bigintcalc 2019/12/15 v1.5 Expandable calculations on big integers (HO
)
))
\Fld@menulength=\count333
\Field@Width=\dimen324
\Fld@charsize=\dimen325
Package hyperref Info: Hyper figures OFF on input line 6347.
Package hyperref Info: Link nesting OFF on input line 6352.
Package hyperref Info: Hyper index ON on input line 6355.
Package hyperref Info: backreferencing OFF on input line 6362.
Package hyperref Info: Link coloring ON on input line 6365.
Package hyperref Info: Link coloring with OCG OFF on input line 6372.
Package hyperref Info: PDF/A mode OFF on input line 6377.
LaTeX Info: Redefining \ref on input line 6417.
LaTeX Info: Redefining \pageref on input line 6421.

(/usr/share/texlive/texmf-dist/tex/latex/base/atbegshi-ltx.sty
Package: atbegshi-ltx 2020/08/17 v1.0a Emulation of the original atbegshi packa
ge
with kernel methods
)
\Hy@abspage=\count334
\c@Item=\count335
\c@Hfootnote=\count336
)
Package hyperref Info: Driver (autodetected): hpdftex.

(/usr/share/texlive/texmf-dist/tex/latex/hyperref/hpdftex.def
File: hpdftex.def 2020-05-15 v7.00e Hyperref driver for pdfTeX

(/usr/share/texlive/texmf-dist/tex/latex/base/atveryend-ltx.sty
Package: atveryend-ltx 2020/08/19 v1.0a Emulation of the original atvery packag
e
with kernel methods
)
\Fld@listcount=\count337
\c@bookmark@seq@number=\count338

(/usr/share/texlive/texmf-dist/tex/latex/rerunfilecheck/rerunfilecheck.sty
Package: rerunfilecheck 2019/12/05 v1.9 Rerun checks for auxiliary files (HO)

(/usr/share/texlive/texmf-dist/tex/generic/uniquecounter/uniquecounter.sty
Package: uniquecounter 2019/12/15 v1.4 Provide unlimited unique counter (HO)
)
Package uniquecounter Info: New unique counter `rerunfilecheck' on input line 2
86.
)
\Hy@SectionHShift=\skip101
)
(/usr/share/texlive/texmf-dist/tex/latex/oberdiek/hypcap.sty
Package: hypcap 2016/05/16 v1.12 Adjusting the anchors of captions (HO)
)
(./sphinxmessages.sty
Package: sphinxmessages 2019/01/04 v2.0 Localized LaTeX macros (Sphinx team)
)
(/usr/share/texlive/texmf-dist/tex/generic/pgf/frontendlayer/tikz/libraries/tik
zlibraryarrows.code.tex
File: tikzlibraryarrows.code.tex 2020/12/27 v3.1.8b (3.1.8b)

(/usr/share/texlive/texmf-dist/tex/generic/pgf/libraries/pgflibraryarrows.code.
tex
File: pgflibraryarrows.code.tex 2020/12/27 v3.1.8b (3.1.8b)
\arrowsize=\dimen326
))
(/usr/share/texlive/texmf-dist/tex/generic/pgf/libraries/pgflibraryarrows.meta.
code.tex
File: pgflibraryarrows.meta.code.tex 2020/12/27 v3.1.8b (3.1.8b)
\pgfarrowinset=\dimen327
\pgfarrowlength=\dimen328
\pgfarrowwidth=\dimen329
\pgfarrowlinewidth=\dimen330
)
(/usr/share/texlive/texmf-dist/tex/generic/pgf/frontendlayer/tikz/libraries/tik
zlibrarypositioning.code.tex
File: tikzlibrarypositioning.code.tex 2020/12/27 v3.1.8b (3.1.8b)
)
(/usr/share/texlive/texmf-dist/tex/generic/pgf/frontendlayer/tikz/libraries/tik
zlibrarymatrix.code.tex
File: tikzlibrarymatrix.code.tex 2020/12/27 v3.1.8b (3.1.8b)
)
(/usr/share/texlive/texmf-dist/tex/generic/pgf/frontendlayer/tikz/libraries/tik
zlibrarybackgrounds.code.tex
File: tikzlibrarybackgrounds.code.tex 2020/12/27 v3.1.8b (3.1.8b)
\pgf@layerbox@background=\box132
\pgf@layerboxsaved@background=\box133
)
(/usr/share/texlive/texmf-dist/tex/generic/pgf/frontendlayer/tikz/libraries/tik
zlibraryshapes.code.tex
File: tikzlibraryshapes.code.tex 2020/12/27 v3.1.8b (3.1.8b)

(/usr/share/texlive/texmf-dist/tex/generic/pgf/frontendlayer/tikz/libraries/tik
zlibraryshapes.geometric.code.tex
File: tikzlibraryshapes.geometric.code.tex 2020/12/27 v3.1.8b (3.1.8b)

(/usr/share/texlive/texmf-dist/tex/generic/pgf/libraries/shapes/pgflibraryshape
s.geometric.code.tex
File: pgflibraryshapes.geometric.code.tex 2020/12/27 v3.1.8b (3.1.8b)
))
(/usr/share/texlive/texmf-dist/tex/generic/pgf/frontendlayer/tikz/libraries/tik
zlibraryshapes.misc.code.tex
File: tikzlibraryshapes.misc.code.tex 2020/12/27 v3.1.8b (3.1.8b)

(/usr/share/texlive/texmf-dist/tex/generic/pgf/libraries/shapes/pgflibraryshape
s.misc.code.tex
File: pgflibraryshapes.misc.code.tex 2020/12/27 v3.1.8b (3.1.8b)
))
(/usr/share/texlive/texmf-dist/tex/generic/pgf/frontendlayer/tikz/libraries/tik
zlibraryshapes.symbols.code.tex
File: tikzlibraryshapes.symbols.code.tex 2020/12/27 v3.1.8b (3.1.8b)

(/usr/share/texlive/texmf-dist/tex/generic/pgf/libraries/shapes/pgflibraryshape
s.symbols.code.tex
File: pgflibraryshapes.symbols.code.tex 2020/12/27 v3.1.8b (3.1.8b)
))
(/usr/share/texlive/texmf-dist/tex/generic/pgf/frontendlayer/tikz/libraries/tik
zlibraryshapes.arrows.code.tex
File: tikzlibraryshapes.arrows.code.tex 2020/12/27 v3.1.8b (3.1.8b)

(/usr/share/texlive/texmf-dist/tex/generic/pgf/libraries/shapes/pgflibraryshape
s.arrows.code.tex
File: pgflibraryshapes.arrows.code.tex 2020/12/27 v3.1.8b (3.1.8b)
))
(/usr/share/texlive/texmf-dist/tex/generic/pgf/frontendlayer/tikz/libraries/tik
zlibraryshapes.callouts.code.tex
(/usr/share/texlive/texmf-dist/tex/generic/pgf/libraries/shapes/pgflibraryshape
s.callouts.code.tex))
(/usr/share/texlive/texmf-dist/tex/generic/pgf/frontendlayer/tikz/libraries/tik
zlibraryshapes.multipart.code.tex
File: tikzlibraryshapes.multipart.code.tex 2020/12/27 v3.1.8b (3.1.8b)

(/usr/share/texlive/texmf-dist/tex/generic/pgf/libraries/shapes/pgflibraryshape
s.multipart.code.tex
File: pgflibraryshapes.multipart.code.tex 2020/12/27 v3.1.8b (3.1.8b)
\pgfnodepartlowerbox=\box134
\pgfnodeparttwobox=\box135
\pgfnodepartthreebox=\box136
\pgfnodepartfourbox=\box137
\pgfnodeparttwentybox=\box138
\pgfnodepartnineteenbox=\box139
\pgfnodeparteighteenbox=\box140
\pgfnodepartseventeenbox=\box141
\pgfnodepartsixteenbox=\box142
\pgfnodepartfifteenbox=\box143
\pgfnodepartfourteenbox=\box144
\pgfnodepartthirteenbox=\box145
\pgfnodeparttwelvebox=\box146
\pgfnodepartelevenbox=\box147
\pgfnodeparttenbox=\box148
\pgfnodepartninebox=\box149
\pgfnodeparteightbox=\box150
\pgfnodepartsevenbox=\box151
\pgfnodepartsixbox=\box152
\pgfnodepartfivebox=\box153
)))
(/usr/share/texlive/texmf-dist/tex/generic/pgf/frontendlayer/tikz/libraries/tik
zlibraryshadows.code.tex
File: tikzlibraryshadows.code.tex 2020/12/27 v3.1.8b (3.1.8b)

(/usr/share/texlive/texmf-dist/tex/generic/pgf/frontendlayer/tikz/libraries/tik
zlibraryfadings.code.tex
File: tikzlibraryfadings.code.tex 2020/12/27 v3.1.8b (3.1.8b)

(/usr/share/texlive/texmf-dist/tex/generic/pgf/libraries/pgflibraryfadings.code
.tex
File: pgflibraryfadings.code.tex 2020/12/27 v3.1.8b (3.1.8b)
)))
(/usr/share/texlive/texmf-dist/tex/generic/pgf/frontendlayer/tikz/libraries/tik
zlibrarycalc.code.tex
File: tikzlibrarycalc.code.tex 2020/12/27 v3.1.8b (3.1.8b)
)
(/usr/share/texlive/texmf-dist/tex/generic/pgf/frontendlayer/tikz/libraries/tik
zlibraryautomata.code.tex
File: tikzlibraryautomata.code.tex 2020/12/27 v3.1.8b (3.1.8b)
)
(/usr/share/texlive/texmf-dist/tex/generic/pgf/frontendlayer/tikz/libraries/tik
zlibrarymath.code.tex
(/usr/share/texlive/texmf-dist/tex/generic/pgf/frontendlayer/tikz/libraries/tik
zlibraryfpu.code.tex)
\tikz@math@for@depth=\count339
\tikz@math@dimen=\dimen331
\tikz@math@toks=\toks48
)
\@indexfile=\write5
\openout5 = `MPTCP-doc.idx'.


Writing index file MPTCP-doc.idx
(/usr/share/texlive/texmf-dist/tex/latex/l3backend/l3backend-pdftex.def
File: l3backend-pdftex.def 2020-01-29 L3 backend support: PDF output (pdfTeX)
\l__color_backend_stack_int=\count340
\l__pdf_internal_box=\box154
)
(./MPTCP-doc.aux)
\openout1 = `MPTCP-doc.aux'.

LaTeX Font Info:    Checking defaults for OML/cmm/m/it on input line 78.
LaTeX Font Info:    ... okay on input line 78.
LaTeX Font Info:    Checking defaults for OMS/cmsy/m/n on input line 78.
LaTeX Font Info:    ... okay on input line 78.
LaTeX Font Info:    Checking defaults for OT1/cmr/m/n on input line 78.
LaTeX Font Info:    ... okay on input line 78.
LaTeX Font Info:    Checking defaults for T1/cmr/m/n on input line 78.
LaTeX Font Info:    ... okay on input line 78.
LaTeX Font Info:    Checking defaults for TS1/cmr/m/n on input line 78.
LaTeX Font Info:    ... okay on input line 78.
LaTeX Font Info:    Checking defaults for OMX/cmex/m/n on input line 78.
LaTeX Font Info:    ... okay on input line 78.
LaTeX Font Info:    Checking defaults for U/cmr/m/n on input line 78.
LaTeX Font Info:    ... okay on input line 78.
LaTeX Font Info:    Checking defaults for PD1/pdf/m/n on input line 78.
LaTeX Font Info:    ... okay on input line 78.
LaTeX Font Info:    Checking defaults for PU/pdf/m/n on input line 78.
LaTeX Font Info:    ... okay on input line 78.

(/usr/share/texlive/texmf-dist/tex/context/base/mkii/supp-pdf.mkii
[Loading MPS to PDF converter (version 2006.09.02).]
\scratchcounter=\count341
\scratchdimen=\dimen332
\scratchbox=\box155
\nofMPsegments=\count342
\nofMParguments=\count343
\everyMPshowfont=\toks49
\MPscratchCnt=\count344
\MPscratchDim=\dimen333
\MPnumerator=\count345
\makeMPintoPDFobject=\count346
\everyMPtoPDFconversion=\toks50
) (/usr/share/texlive/texmf-dist/tex/latex/epstopdf-pkg/epstopdf-base.sty
Package: epstopdf-base 2020-01-24 v2.11 Base part for package epstopdf
Package epstopdf-base Info: Redefining graphics rule for `.eps' on input line 4
85.

(/usr/share/texlive/texmf-dist/tex/latex/latexconfig/epstopdf-sys.cfg
File: epstopdf-sys.cfg 2010/07/13 v1.3 Configuration of (r)epstopdf for TeX Liv
e
))
\c@literalblock=\count347

*geometry* driver: auto-detecting
*geometry* detected driver: pdftex
*geometry* verbose mode - [ preamble ] result:
* driver: pdftex
* paper: letterpaper
* layout: <same size as paper>
* layoutoffset:(h,v)=(0.0pt,0.0pt)
* modes: twoside 
* h-part:(L,W,R)=(72.26999pt, 469.75502pt, 72.26999pt)
* v-part:(T,H,B)=(72.26999pt, 650.43001pt, 72.26999pt)
* \paperwidth=614.295pt
* \paperheight=794.96999pt
* \textwidth=469.75502pt
* \textheight=650.43001pt
* \oddsidemargin=0.0pt
* \evensidemargin=0.0pt
* \topmargin=-37.0pt
* \headheight=12.0pt
* \headsep=25.0pt
* \topskip=10.0pt
* \footskip=30.0pt
* \marginparwidth=36.135pt
* \marginparsep=11.0pt
* \columnsep=10.0pt
* \skip\footins=9.0pt plus 4.0pt minus 2.0pt
* \hoffset=0.0pt
* \voffset=0.0pt
* \mag=1000
* \@twocolumnfalse
* \@twosidetrue
* \@mparswitchtrue
* \@reversemarginfalse
* (1in=72.27pt=25.4mm, 1cm=28.453pt)

Package pgfplots notification 'compat/show suggested version=true': you might b
enefit from \pgfplotsset{compat=1.17} (current compat level: 1.16).

Package hyperref Info: Link coloring ON on input line 78.
(/usr/share/texlive/texmf-dist/tex/latex/hyperref/nameref.sty
Package: nameref 2019/09/16 v2.46 Cross-referencing by name of section

(/usr/share/texlive/texmf-dist/tex/latex/refcount/refcount.sty
Package: refcount 2019/12/15 v3.6 Data extraction from label references (HO)
)
(/usr/share/texlive/texmf-dist/tex/generic/gettitlestring/gettitlestring.sty
Package: gettitlestring 2019/12/15 v1.6 Cleanup title references (HO)
)
\c@section@level=\count348
)
LaTeX Info: Redefining \ref on input line 78.
LaTeX Info: Redefining \pageref on input line 78.
LaTeX Info: Redefining \nameref on input line 78.

(./MPTCP-doc.out) (./MPTCP-doc.out)
\@outlinefile=\write6
\openout6 = `MPTCP-doc.out'.

Package hyperref Info: Option `pageanchor' set `false' on input line 81.
LaTeX Font Info:    Trying to load font information for T1+qhv on input line 81
.

(/usr/share/texmf/tex/latex/tex-gyre/t1qhv.fd
File: t1qhv.fd 2009/09/25 v1.2 font definition file for T1/qhv
)<<ot1.cmap>><<oml.cmap>><<oms.cmap>><<omx.cmap>>
LaTeX Font Info:    Trying to load font information for U+msa on input line 81.

 (/usr/share/texlive/texmf-dist/tex/latex/amsfonts/umsa.fd
File: umsa.fd 2013/01/14 v3.01 AMS symbols A
)
LaTeX Font Info:    Trying to load font information for U+msb on input line 81.


(/usr/share/texlive/texmf-dist/tex/latex/amsfonts/umsb.fd
File: umsb.fd 2013/01/14 v3.01 AMS symbols B
) [1

{/var/lib/texmf/fonts/map/pdftex/updmap/pdftex.map}] [2


] (./MPTCP-doc.toc)
\tf@toc=\write7
\openout7 = `MPTCP-doc.toc'.

 [1

] [2

]
Chapter 1.
LaTeX Font Info:    Trying to load font information for T1+txtt on input line 9
5.
(/usr/share/texlive/texmf-dist/tex/latex/txfonts/t1txtt.fd
File: t1txtt.fd 2000/12/15 v3.1
)
LaTeX Font Info:    Trying to load font information for TS1+qtm on input line 1
09.

(/usr/share/texmf/tex/latex/tex-gyre/ts1qtm.fd
File: ts1qtm.fd 2009/09/25 v1.2 font definition file for TS1/qtm
) [1

]
LaTeX Font Info:    Font shape `T1/txtt/b/n' in size <10> not available
(Font)              Font shape `T1/txtt/bx/n' tried instead on input line 144.
 [2] [3] [4] [5] [6]
Underfull \vbox (badness 10000) detected at line 442
 []


Overfull \vbox (15.52196pt too high) detected at line 442
 []

[7]
Underfull \vbox (badness 10000) detected at line 442
 []


Overfull \vbox (23.67393pt too high) detected at line 442
 []

[8] [9] [10

]
Chapter 2.
LaTeX Font Info:    Trying to load font information for TS1+txtt on input line 
574.
(/usr/share/texlive/texmf-dist/tex/latex/txfonts/ts1txtt.fd
File: ts1txtt.fd 2000/12/15 v3.1
) [11] [12]
Underfull \vbox (badness 10000) detected at line 960
 []


Underfull \vbox (badness 10000) detected at line 960
 []

[13]
Underfull \vbox (badness 10000) detected at line 960
 []


Underfull \vbox (badness 10000) detected at line 960
 []

[14]
Underfull \vbox (badness 10000) detected at line 960
 []


Underfull \vbox (badness 10000) detected at line 960
 []

[15]
Underfull \vbox (badness 10000) detected at line 960
 []


Underfull \vbox (badness 10000) detected at line 960
 []

[16]
Underfull \vbox (badness 10000) detected at line 960
 []


Underfull \vbox (badness 10000) detected at line 960
 []

[17]
Underfull \vbox (badness 10000) detected at line 960
 []


Underfull \vbox (badness 10000) detected at line 960
 []

[18]
LaTeX Font Info:    Font shape `T1/txtt/m/it' in size <10> not available
(Font)              Font shape `T1/txtt/m/sl' tried instead on input line 976.
 [19] [20] [21] [22

]
Chapter 3.

Underfull \hbox (badness 10000) in paragraph at lines 1122--1129
\T1/qtm/m/n/10 This group gath-ers the fol-low-ing coun-ters: \T1/txtt/m/n/10 M
PTcpExtMPCapableSYNRX\T1/qtm/m/n/10 , \T1/txtt/m/n/10 MPTcpExtMPCapableSYNTX\T1
/qtm/m/n/10 ,
 []


Underfull \hbox (badness 10000) in paragraph at lines 1122--1129
\T1/txtt/m/n/10 MPTcpExtMPCapableSYNACKRX\T1/qtm/m/n/10 , \T1/txtt/m/n/10 MPTcp
ExtMPCapableACKRX\T1/qtm/m/n/10 , \T1/txtt/m/n/10 MPTcpExtMPCapableFallbackACK\
T1/qtm/m/n/10 ,
 []

[23]
Package hyperref Info: bookmark level for unknown literalblock defaults to 0 on
 input line 1170.

Overfull \vbox (1.7593pt too high) detected at line 1242
 []

[24] [25] [26]
Underfull \hbox (badness 10000) in paragraph at lines 1388--1398
[]\T1/qtm/m/n/10 Three coun-ters track the DSS op-tion of the in-com-ing pack-e
ts : \T1/txtt/m/n/10 MPTcpExtDSSNotMatching\T1/qtm/m/n/10 ,
 []

[27] [28

]
Chapter 4.

Overfull \hbox (1652.09486pt too wide) in paragraph at lines 1486--1486
[]
 []


Underfull \hbox (badness 10000) in paragraph at lines 1486--1486

 []

[29] [30] [31] [32] [33] [34

]
Chapter 5.
[35] [36] [37] [38] [39] [40] [41] [42] [43] [44] [45] [46] [47] [48] [49]
[50] [51] [52] [53] [54] [55] [56] [57]
\width=\dimen334
\height=\dimen335
\depth=\dimen336
\totalheight=\dimen337
\width=\dimen338
\height=\dimen339
\depth=\dimen340
\totalheight=\dimen341
\width=\dimen342
\height=\dimen343
\depth=\dimen344
\totalheight=\dimen345
\width=\dimen346
\height=\dimen347
\depth=\dimen348
\totalheight=\dimen349
\width=\dimen350
\height=\dimen351
\depth=\dimen352
\totalheight=\dimen353
\width=\dimen354
\height=\dimen355
\depth=\dimen356
\totalheight=\dimen357
\width=\dimen358
\height=\dimen359
\depth=\dimen360
\totalheight=\dimen361
\width=\dimen362
\height=\dimen363
\depth=\dimen364
\totalheight=\dimen365
\width=\dimen366
\height=\dimen367
\depth=\dimen368
\totalheight=\dimen369
\width=\dimen370
\height=\dimen371
\depth=\dimen372
\totalheight=\dimen373
\width=\dimen374
\height=\dimen375
\depth=\dimen376
\totalheight=\dimen377
\width=\dimen378
\height=\dimen379
\depth=\dimen380
\totalheight=\dimen381
\width=\dimen382
\height=\dimen383
\depth=\dimen384
\totalheight=\dimen385
\width=\dimen386
\height=\dimen387
\depth=\dimen388
\totalheight=\dimen389
\width=\dimen390
\height=\dimen391
\depth=\dimen392
\totalheight=\dimen393
\width=\dimen394
\height=\dimen395
\depth=\dimen396
\totalheight=\dimen397
\width=\dimen398
\height=\dimen399
\depth=\dimen400
\totalheight=\dimen401
\width=\dimen402
\height=\dimen403
\depth=\dimen404
\totalheight=\dimen405
\width=\dimen406
\height=\dimen407
\depth=\dimen408
\totalheight=\dimen409
\width=\dimen410
\height=\dimen411
\depth=\dimen412
\totalheight=\dimen413
\width=\dimen414
\height=\dimen415
\depth=\dimen416
\totalheight=\dimen417
\width=\dimen418
\height=\dimen419
\depth=\dimen420
\totalheight=\dimen421
\width=\dimen422
\height=\dimen423
\depth=\dimen424
\totalheight=\dimen425
\width=\dimen426
\height=\dimen427
\depth=\dimen428
\totalheight=\dimen429
\width=\dimen430
\height=\dimen431
\depth=\dimen432
\totalheight=\dimen433
\width=\dimen434
\height=\dimen435
\depth=\dimen436
\totalheight=\dimen437
\width=\dimen438
\height=\dimen439
\depth=\dimen440
\totalheight=\dimen441
\width=\dimen442
\height=\dimen443
\depth=\dimen444
\totalheight=\dimen445
\width=\dimen446
\height=\dimen447
\depth=\dimen448
\totalheight=\dimen449
\width=\dimen450
\height=\dimen451
\depth=\dimen452
\totalheight=\dimen453
\width=\dimen454
\height=\dimen455
\depth=\dimen456
\totalheight=\dimen457
\width=\dimen458
\height=\dimen459
\depth=\dimen460
\totalheight=\dimen461
\width=\dimen462
\height=\dimen463
\depth=\dimen464
\totalheight=\dimen465
\width=\dimen466
\height=\dimen467
\depth=\dimen468
\totalheight=\dimen469
\width=\dimen470
\height=\dimen471
\depth=\dimen472
\totalheight=\dimen473
\width=\dimen474
\height=\dimen475
\depth=\dimen476
\totalheight=\dimen477
\width=\dimen478
\height=\dimen479
\depth=\dimen480
\totalheight=\dimen481
\width=\dimen482
\height=\dimen483
\depth=\dimen484
\totalheight=\dimen485
\width=\dimen486
\height=\dimen487
\depth=\dimen488
\totalheight=\dimen489
\width=\dimen490
\height=\dimen491
\depth=\dimen492
\totalheight=\dimen493
 [58]
\width=\dimen494
\height=\dimen495
\depth=\dimen496
\totalheight=\dimen497
\width=\dimen498
\height=\dimen499
\depth=\dimen500
\totalheight=\dimen501
\width=\dimen502
\height=\dimen503
\depth=\dimen504
\totalheight=\dimen505
\width=\dimen506
\height=\dimen507
\depth=\dimen508
\totalheight=\dimen509
\width=\dimen510
\height=\dimen511
\depth=\dimen512
\totalheight=\dimen513
\width=\dimen514
\height=\dimen515
\depth=\dimen516
\totalheight=\dimen517
\width=\dimen518
\height=\dimen519
\depth=\dimen520
\totalheight=\dimen521
\width=\dimen522
\height=\dimen523
\depth=\dimen524
\totalheight=\dimen525
\width=\dimen526
\height=\dimen527
\depth=\dimen528
\totalheight=\dimen529
\width=\dimen530
\height=\dimen531
\depth=\dimen532
\totalheight=\dimen533
\width=\dimen534
\height=\dimen535
\depth=\dimen536
\totalheight=\dimen537
\width=\dimen538
\height=\dimen539
\depth=\dimen540
\totalheight=\dimen541
\width=\dimen542
\height=\dimen543
\depth=\dimen544
\totalheight=\dimen545
\width=\dimen546
\height=\dimen547
\depth=\dimen548
\totalheight=\dimen549
\width=\dimen550
\height=\dimen551
\depth=\dimen552
\totalheight=\dimen553
\width=\dimen554
\height=\dimen555
\depth=\dimen556
\totalheight=\dimen557
\width=\dimen558
\height=\dimen559
\depth=\dimen560
\totalheight=\dimen561
\width=\dimen562
\height=\dimen563
\depth=\dimen564
\totalheight=\dimen565
\width=\dimen566
\height=\dimen567
\depth=\dimen568
\totalheight=\dimen569
\width=\dimen570
\height=\dimen571
\depth=\dimen572
\totalheight=\dimen573
\width=\dimen574
\height=\dimen575
\depth=\dimen576
\totalheight=\dimen577
\width=\dimen578
\height=\dimen579
\depth=\dimen580
\totalheight=\dimen581
\width=\dimen582
\height=\dimen583
\depth=\dimen584
\totalheight=\dimen585
\width=\dimen586
\height=\dimen587
\depth=\dimen588
\totalheight=\dimen589
\width=\dimen590
\height=\dimen591
\depth=\dimen592
\totalheight=\dimen593
\width=\dimen594
\height=\dimen595
\depth=\dimen596
\totalheight=\dimen597
\width=\dimen598
\height=\dimen599
\depth=\dimen600
\totalheight=\dimen601
\width=\dimen602
\height=\dimen603
\depth=\dimen604
\totalheight=\dimen605
\width=\dimen606
\height=\dimen607
\depth=\dimen608
\totalheight=\dimen609
\width=\dimen610
\height=\dimen611
\depth=\dimen612
\totalheight=\dimen613
\width=\dimen614
\height=\dimen615
\depth=\dimen616
\totalheight=\dimen617
\width=\dimen618
\height=\dimen619
\depth=\dimen620
\totalheight=\dimen621
\width=\dimen622
\height=\dimen623
\depth=\dimen624
\totalheight=\dimen625
\width=\dimen626
\height=\dimen627
\depth=\dimen628
\totalheight=\dimen629
\width=\dimen630
\height=\dimen631
\depth=\dimen632
\totalheight=\dimen633
 [59]
Underfull \vbox (badness 2486) detected at line 2506
 []

[60]
\width=\dimen634
\height=\dimen635
\depth=\dimen636
\totalheight=\dimen637
\width=\dimen638
\height=\dimen639
\depth=\dimen640
\totalheight=\dimen641
\width=\dimen642
\height=\dimen643
\depth=\dimen644
\totalheight=\dimen645
\width=\dimen646
\height=\dimen647
\depth=\dimen648
\totalheight=\dimen649
\width=\dimen650
\height=\dimen651
\depth=\dimen652
\totalheight=\dimen653
\width=\dimen654
\height=\dimen655
\depth=\dimen656
\totalheight=\dimen657
\width=\dimen658
\height=\dimen659
\depth=\dimen660
\totalheight=\dimen661
\width=\dimen662
\height=\dimen663
\depth=\dimen664
\totalheight=\dimen665
\width=\dimen666
\height=\dimen667
\depth=\dimen668
\totalheight=\dimen669
\width=\dimen670
\height=\dimen671
\depth=\dimen672
\totalheight=\dimen673
\width=\dimen674
\height=\dimen675
\depth=\dimen676
\totalheight=\dimen677
\width=\dimen678
\height=\dimen679
\depth=\dimen680
\totalheight=\dimen681
\width=\dimen682
\height=\dimen683
\depth=\dimen684
\totalheight=\dimen685
\width=\dimen686
\height=\dimen687
\depth=\dimen688
\totalheight=\dimen689
\width=\dimen690
\height=\dimen691
\depth=\dimen692
\totalheight=\dimen693
\width=\dimen694
\height=\dimen695
\depth=\dimen696
\totalheight=\dimen697
\width=\dimen698
\height=\dimen699
\depth=\dimen700
\totalheight=\dimen701
\width=\dimen702
\height=\dimen703
\depth=\dimen704
\totalheight=\dimen705
\width=\dimen706
\height=\dimen707
\depth=\dimen708
\totalheight=\dimen709
\width=\dimen710
\height=\dimen711
\depth=\dimen712
\totalheight=\dimen713
\width=\dimen714
\height=\dimen715
\depth=\dimen716
\totalheight=\dimen717
\width=\dimen718
\height=\dimen719
\depth=\dimen720
\totalheight=\dimen721
\width=\dimen722
\height=\dimen723
\depth=\dimen724
\totalheight=\dimen725
\width=\dimen726
\height=\dimen727
\depth=\dimen728
\totalheight=\dimen729
\width=\dimen730
\height=\dimen731
\depth=\dimen732
\totalheight=\dimen733
\width=\dimen734
\height=\dimen735
\depth=\dimen736
\totalheight=\dimen737
\width=\dimen738
\height=\dimen739
\depth=\dimen740
\totalheight=\dimen741
\width=\dimen742
\height=\dimen743
\depth=\dimen744
\totalheight=\dimen745
\width=\dimen746
\height=\dimen747
\depth=\dimen748
\totalheight=\dimen749
\width=\dimen750
\height=\dimen751
\depth=\dimen752
\totalheight=\dimen753
\width=\dimen754
\height=\dimen755
\depth=\dimen756
\totalheight=\dimen757
\width=\dimen758
\height=\dimen759
\depth=\dimen760
\totalheight=\dimen761
\width=\dimen762
\height=\dimen763
\depth=\dimen764
\totalheight=\dimen765
\width=\dimen766
\height=\dimen767
\depth=\dimen768
\totalheight=\dimen769
\width=\dimen770
\height=\dimen771
\depth=\dimen772
\totalheight=\dimen773
\width=\dimen774
\height=\dimen775
\depth=\dimen776
\totalheight=\dimen777
\width=\dimen778
\height=\dimen779
\depth=\dimen780
\totalheight=\dimen781
\width=\dimen782
\height=\dimen783
\depth=\dimen784
\totalheight=\dimen785
\width=\dimen786
\height=\dimen787
\depth=\dimen788
\totalheight=\dimen789
\width=\dimen790
\height=\dimen791
\depth=\dimen792
\totalheight=\dimen793
\width=\dimen794
\height=\dimen795
\depth=\dimen796
\totalheight=\dimen797
\width=\dimen798
\height=\dimen799
\depth=\dimen800
\totalheight=\dimen801
\width=\dimen802
\height=\dimen803
\depth=\dimen804
\totalheight=\dimen805
\width=\dimen806
\height=\dimen807
\depth=\dimen808
\totalheight=\dimen809
\width=\dimen810
\height=\dimen811
\depth=\dimen812
\totalheight=\dimen813
\width=\dimen814
\height=\dimen815
\depth=\dimen816
\totalheight=\dimen817
\width=\dimen818
\height=\dimen819
\depth=\dimen820
\totalheight=\dimen821
\width=\dimen822
\height=\dimen823
\depth=\dimen824
\totalheight=\dimen825
\width=\dimen826
\height=\dimen827
\depth=\dimen828
\totalheight=\dimen829
\width=\dimen830
\height=\dimen831
\depth=\dimen832
\totalheight=\dimen833
\width=\dimen834
\height=\dimen835
\depth=\dimen836
\totalheight=\dimen837
\width=\dimen838
\height=\dimen839
\depth=\dimen840
\totalheight=\dimen841
\width=\dimen842
\height=\dimen843
\depth=\dimen844
\totalheight=\dimen845
\width=\dimen846
\height=\dimen847
\depth=\dimen848
\totalheight=\dimen849
\width=\dimen850
\height=\dimen851
\depth=\dimen852
\totalheight=\dimen853
\width=\dimen854
\height=\dimen855
\depth=\dimen856
\totalheight=\dimen857
\width=\dimen858
\height=\dimen859
\depth=\dimen860
\totalheight=\dimen861
\width=\dimen862
\height=\dimen863
\depth=\dimen864
\totalheight=\dimen865
\width=\dimen866
\height=\dimen867
\depth=\dimen868
\totalheight=\dimen869
\width=\dimen870
\height=\dimen871
\depth=\dimen872
\totalheight=\dimen873
\width=\dimen874
\height=\dimen875
\depth=\dimen876
\totalheight=\dimen877
\width=\dimen878
\height=\dimen879
\depth=\dimen880
\totalheight=\dimen881
\width=\dimen882
\height=\dimen883
\depth=\dimen884
\totalheight=\dimen885
\width=\dimen886
\height=\dimen887
\depth=\dimen888
\totalheight=\dimen889
\width=\dimen890
\height=\dimen891
\depth=\dimen892
\totalheight=\dimen893
\width=\dimen894
\height=\dimen895
\depth=\dimen896
\totalheight=\dimen897
\width=\dimen898
\height=\dimen899
\depth=\dimen900
\totalheight=\dimen901
\width=\dimen902
\height=\dimen903
\depth=\dimen904
\totalheight=\dimen905
\width=\dimen906
\height=\dimen907
\depth=\dimen908
\totalheight=\dimen909
\width=\dimen910
\height=\dimen911
\depth=\dimen912
\totalheight=\dimen913
\width=\dimen914
\height=\dimen915
\depth=\dimen916
\totalheight=\dimen917
\width=\dimen918
\height=\dimen919
\depth=\dimen920
\totalheight=\dimen921
\width=\dimen922
\height=\dimen923
\depth=\dimen924
\totalheight=\dimen925
\width=\dimen926
\height=\dimen927
\depth=\dimen928
\totalheight=\dimen929
\width=\dimen930
\height=\dimen931
\depth=\dimen932
\totalheight=\dimen933
\width=\dimen934
\height=\dimen935
\depth=\dimen936
\totalheight=\dimen937
\width=\dimen938
\height=\dimen939
\depth=\dimen940
\totalheight=\dimen941
\width=\dimen942
\height=\dimen943
\depth=\dimen944
\totalheight=\dimen945
\width=\dimen946
\height=\dimen947
\depth=\dimen948
\totalheight=\dimen949
\width=\dimen950
\height=\dimen951
\depth=\dimen952
\totalheight=\dimen953
\width=\dimen954
\height=\dimen955
\depth=\dimen956
\totalheight=\dimen957
\width=\dimen958
\height=\dimen959
\depth=\dimen960
\totalheight=\dimen961
\width=\dimen962
\height=\dimen963
\depth=\dimen964
\totalheight=\dimen965
\width=\dimen966
\height=\dimen967
\depth=\dimen968
\totalheight=\dimen969
\width=\dimen970
\height=\dimen971
\depth=\dimen972
\totalheight=\dimen973
\width=\dimen974
\height=\dimen975
\depth=\dimen976
\totalheight=\dimen977
\width=\dimen978
\height=\dimen979
\depth=\dimen980
\totalheight=\dimen981
\width=\dimen982
\height=\dimen983
\depth=\dimen984
\totalheight=\dimen985
\width=\dimen986
\height=\dimen987
\depth=\dimen988
\totalheight=\dimen989
\width=\dimen990
\height=\dimen991
\depth=\dimen992
\totalheight=\dimen993
\width=\dimen994
\height=\dimen995
\depth=\dimen996
\totalheight=\dimen997
\width=\dimen998
\height=\dimen999
\depth=\dimen1000
\totalheight=\dimen1001
\width=\dimen1002
\height=\dimen1003
\depth=\dimen1004
\totalheight=\dimen1005
\width=\dimen1006
\height=\dimen1007
\depth=\dimen1008
\totalheight=\dimen1009
\width=\dimen1010
\height=\dimen1011
\depth=\dimen1012
\totalheight=\dimen1013
\width=\dimen1014
\height=\dimen1015
\depth=\dimen1016
\totalheight=\dimen1017
\width=\dimen1018
\height=\dimen1019
\depth=\dimen1020
\totalheight=\dimen1021
\width=\dimen1022
\height=\dimen1023
\depth=\dimen1024
\totalheight=\dimen1025
\width=\dimen1026
\height=\dimen1027
\depth=\dimen1028
\totalheight=\dimen1029
\width=\dimen1030
\height=\dimen1031
\depth=\dimen1032
\totalheight=\dimen1033
\width=\dimen1034
\height=\dimen1035
\depth=\dimen1036
\totalheight=\dimen1037
\width=\dimen1038
\height=\dimen1039
\depth=\dimen1040
\totalheight=\dimen1041
\width=\dimen1042
\height=\dimen1043
\depth=\dimen1044
\totalheight=\dimen1045
\width=\dimen1046
\height=\dimen1047
\depth=\dimen1048
\totalheight=\dimen1049
\width=\dimen1050
\height=\dimen1051
\depth=\dimen1052
\totalheight=\dimen1053
\width=\dimen1054
\height=\dimen1055
\depth=\dimen1056
\totalheight=\dimen1057
\width=\dimen1058
\height=\dimen1059
\depth=\dimen1060
\totalheight=\dimen1061
\width=\dimen1062
\height=\dimen1063
\depth=\dimen1064
\totalheight=\dimen1065
\width=\dimen1066
\height=\dimen1067
\depth=\dimen1068
\totalheight=\dimen1069
\width=\dimen1070
\height=\dimen1071
\depth=\dimen1072
\totalheight=\dimen1073
\width=\dimen1074
\height=\dimen1075
\depth=\dimen1076
\totalheight=\dimen1077
\width=\dimen1078
\height=\dimen1079
\depth=\dimen1080
\totalheight=\dimen1081
\width=\dimen1082
\height=\dimen1083
\depth=\dimen1084
\totalheight=\dimen1085
\width=\dimen1086
\height=\dimen1087
\depth=\dimen1088
\totalheight=\dimen1089
\width=\dimen1090
\height=\dimen1091
\depth=\dimen1092
\totalheight=\dimen1093
\width=\dimen1094
\height=\dimen1095
\depth=\dimen1096
\totalheight=\dimen1097
\width=\dimen1098
\height=\dimen1099
\depth=\dimen1100
\totalheight=\dimen1101
\width=\dimen1102
\height=\dimen1103
\depth=\dimen1104
\totalheight=\dimen1105
\width=\dimen1106
\height=\dimen1107
\depth=\dimen1108
\totalheight=\dimen1109
\width=\dimen1110
\height=\dimen1111
\depth=\dimen1112
\totalheight=\dimen1113
\width=\dimen1114
\height=\dimen1115
\depth=\dimen1116
\totalheight=\dimen1117
\width=\dimen1118
\height=\dimen1119
\depth=\dimen1120
\totalheight=\dimen1121
\width=\dimen1122
\height=\dimen1123
\depth=\dimen1124
\totalheight=\dimen1125
\width=\dimen1126
\height=\dimen1127
\depth=\dimen1128
\totalheight=\dimen1129
\width=\dimen1130
\height=\dimen1131
\depth=\dimen1132
\totalheight=\dimen1133
\width=\dimen1134
\height=\dimen1135
\depth=\dimen1136
\totalheight=\dimen1137
\width=\dimen1138
\height=\dimen1139
\depth=\dimen1140
\totalheight=\dimen1141
\width=\dimen1142
\height=\dimen1143
\depth=\dimen1144
\totalheight=\dimen1145
\width=\dimen1146
\height=\dimen1147
\depth=\dimen1148
\totalheight=\dimen1149
\width=\dimen1150
\height=\dimen1151
\depth=\dimen1152
\totalheight=\dimen1153
\width=\dimen1154
\height=\dimen1155
\depth=\dimen1156
\totalheight=\dimen1157
\width=\dimen1158
\height=\dimen1159
\depth=\dimen1160
\totalheight=\dimen1161
\width=\dimen1162
\height=\dimen1163
\depth=\dimen1164
\totalheight=\dimen1165
\width=\dimen1166
\height=\dimen1167
\depth=\dimen1168
\totalheight=\dimen1169
\width=\dimen1170
\height=\dimen1171
\depth=\dimen1172
\totalheight=\dimen1173
\width=\dimen1174
\height=\dimen1175
\depth=\dimen1176
\totalheight=\dimen1177
\width=\dimen1178
\height=\dimen1179
\depth=\dimen1180
\totalheight=\dimen1181
\width=\dimen1182
\height=\dimen1183
\depth=\dimen1184
\totalheight=\dimen1185
\width=\dimen1186
\height=\dimen1187
\depth=\dimen1188
\totalheight=\dimen1189
\width=\dimen1190
\height=\dimen1191
\depth=\dimen1192
\totalheight=\dimen1193
\width=\dimen1194
\height=\dimen1195
\depth=\dimen1196
\totalheight=\dimen1197
\width=\dimen1198
\height=\dimen1199
\depth=\dimen1200
\totalheight=\dimen1201
\width=\dimen1202
\height=\dimen1203
\depth=\dimen1204
\totalheight=\dimen1205
\width=\dimen1206
\height=\dimen1207
\depth=\dimen1208
\totalheight=\dimen1209
\width=\dimen1210
\height=\dimen1211
\depth=\dimen1212
\totalheight=\dimen1213
\width=\dimen1214
\height=\dimen1215
\depth=\dimen1216
\totalheight=\dimen1217
\width=\dimen1218
\height=\dimen1219
\depth=\dimen1220
\totalheight=\dimen1221
\width=\dimen1222
\height=\dimen1223
\depth=\dimen1224
\totalheight=\dimen1225
\width=\dimen1226
\height=\dimen1227
\depth=\dimen1228
\totalheight=\dimen1229
\width=\dimen1230
\height=\dimen1231
\depth=\dimen1232
\totalheight=\dimen1233
\width=\dimen1234
\height=\dimen1235
\depth=\dimen1236
\totalheight=\dimen1237
\width=\dimen1238
\height=\dimen1239
\depth=\dimen1240
\totalheight=\dimen1241
\width=\dimen1242
\height=\dimen1243
\depth=\dimen1244
\totalheight=\dimen1245
\width=\dimen1246
\height=\dimen1247
\depth=\dimen1248
\totalheight=\dimen1249
\width=\dimen1250
\height=\dimen1251
\depth=\dimen1252
\totalheight=\dimen1253
 [61]
\width=\dimen1254
\height=\dimen1255
\depth=\dimen1256
\totalheight=\dimen1257
\width=\dimen1258
\height=\dimen1259
\depth=\dimen1260
\totalheight=\dimen1261
\width=\dimen1262
\height=\dimen1263
\depth=\dimen1264
\totalheight=\dimen1265
\width=\dimen1266
\height=\dimen1267
\depth=\dimen1268
\totalheight=\dimen1269
\width=\dimen1270
\height=\dimen1271
\depth=\dimen1272
\totalheight=\dimen1273
\width=\dimen1274
\height=\dimen1275
\depth=\dimen1276
\totalheight=\dimen1277
\width=\dimen1278
\height=\dimen1279
\depth=\dimen1280
\totalheight=\dimen1281
\width=\dimen1282
\height=\dimen1283
\depth=\dimen1284
\totalheight=\dimen1285
\width=\dimen1286
\height=\dimen1287
\depth=\dimen1288
\totalheight=\dimen1289
\width=\dimen1290
\height=\dimen1291
\depth=\dimen1292
\totalheight=\dimen1293
\width=\dimen1294
\height=\dimen1295
\depth=\dimen1296
\totalheight=\dimen1297
\width=\dimen1298
\height=\dimen1299
\depth=\dimen1300
\totalheight=\dimen1301
\width=\dimen1302
\height=\dimen1303
\depth=\dimen1304
\totalheight=\dimen1305
\width=\dimen1306
\height=\dimen1307
\depth=\dimen1308
\totalheight=\dimen1309
\width=\dimen1310
\height=\dimen1311
\depth=\dimen1312
\totalheight=\dimen1313
\width=\dimen1314
\height=\dimen1315
\depth=\dimen1316
\totalheight=\dimen1317
\width=\dimen1318
\height=\dimen1319
\depth=\dimen1320
\totalheight=\dimen1321
\width=\dimen1322
\height=\dimen1323
\depth=\dimen1324
\totalheight=\dimen1325
\width=\dimen1326
\height=\dimen1327
\depth=\dimen1328
\totalheight=\dimen1329
\width=\dimen1330
\height=\dimen1331
\depth=\dimen1332
\totalheight=\dimen1333
\width=\dimen1334
\height=\dimen1335
\depth=\dimen1336
\totalheight=\dimen1337
\width=\dimen1338
\height=\dimen1339
\depth=\dimen1340
\totalheight=\dimen1341
\width=\dimen1342
\height=\dimen1343
\depth=\dimen1344
\totalheight=\dimen1345
\width=\dimen1346
\height=\dimen1347
\depth=\dimen1348
\totalheight=\dimen1349
\width=\dimen1350
\height=\dimen1351
\depth=\dimen1352
\totalheight=\dimen1353
\width=\dimen1354
\height=\dimen1355
\depth=\dimen1356
\totalheight=\dimen1357
\width=\dimen1358
\height=\dimen1359
\depth=\dimen1360
\totalheight=\dimen1361
\width=\dimen1362
\height=\dimen1363
\depth=\dimen1364
\totalheight=\dimen1365
\width=\dimen1366
\height=\dimen1367
\depth=\dimen1368
\totalheight=\dimen1369
\width=\dimen1370
\height=\dimen1371
\depth=\dimen1372
\totalheight=\dimen1373
\width=\dimen1374
\height=\dimen1375
\depth=\dimen1376
\totalheight=\dimen1377
\width=\dimen1378
\height=\dimen1379
\depth=\dimen1380
\totalheight=\dimen1381
\width=\dimen1382
\height=\dimen1383
\depth=\dimen1384
\totalheight=\dimen1385
\width=\dimen1386
\height=\dimen1387
\depth=\dimen1388
\totalheight=\dimen1389
\width=\dimen1390
\height=\dimen1391
\depth=\dimen1392
\totalheight=\dimen1393
\width=\dimen1394
\height=\dimen1395
\depth=\dimen1396
\totalheight=\dimen1397
\width=\dimen1398
\height=\dimen1399
\depth=\dimen1400
\totalheight=\dimen1401
 [62] [63]
\width=\dimen1402
\height=\dimen1403
\depth=\dimen1404
\totalheight=\dimen1405
\width=\dimen1406
\height=\dimen1407
\depth=\dimen1408
\totalheight=\dimen1409
\width=\dimen1410
\height=\dimen1411
\depth=\dimen1412
\totalheight=\dimen1413
\width=\dimen1414
\height=\dimen1415
\depth=\dimen1416
\totalheight=\dimen1417
\width=\dimen1418
\height=\dimen1419
\depth=\dimen1420
\totalheight=\dimen1421
\width=\dimen1422
\height=\dimen1423
\depth=\dimen1424
\totalheight=\dimen1425
\width=\dimen1426
\height=\dimen1427
\depth=\dimen1428
\totalheight=\dimen1429
\width=\dimen1430
\height=\dimen1431
\depth=\dimen1432
\totalheight=\dimen1433
\width=\dimen1434
\height=\dimen1435
\depth=\dimen1436
\totalheight=\dimen1437
\width=\dimen1438
\height=\dimen1439
\depth=\dimen1440
\totalheight=\dimen1441
\width=\dimen1442
\height=\dimen1443
\depth=\dimen1444
\totalheight=\dimen1445
\width=\dimen1446
\height=\dimen1447
\depth=\dimen1448
\totalheight=\dimen1449
\width=\dimen1450
\height=\dimen1451
\depth=\dimen1452
\totalheight=\dimen1453
\width=\dimen1454
\height=\dimen1455
\depth=\dimen1456
\totalheight=\dimen1457
\width=\dimen1458
\height=\dimen1459
\depth=\dimen1460
\totalheight=\dimen1461
\width=\dimen1462
\height=\dimen1463
\depth=\dimen1464
\totalheight=\dimen1465
\width=\dimen1466
\height=\dimen1467
\depth=\dimen1468
\totalheight=\dimen1469
\width=\dimen1470
\height=\dimen1471
\depth=\dimen1472
\totalheight=\dimen1473
\width=\dimen1474
\height=\dimen1475
\depth=\dimen1476
\totalheight=\dimen1477
\width=\dimen1478
\height=\dimen1479
\depth=\dimen1480
\totalheight=\dimen1481
\width=\dimen1482
\height=\dimen1483
\depth=\dimen1484
\totalheight=\dimen1485
\width=\dimen1486
\height=\dimen1487
\depth=\dimen1488
\totalheight=\dimen1489
\width=\dimen1490
\height=\dimen1491
\depth=\dimen1492
\totalheight=\dimen1493
\width=\dimen1494
\height=\dimen1495
\depth=\dimen1496
\totalheight=\dimen1497
\width=\dimen1498
\height=\dimen1499
\depth=\dimen1500
\totalheight=\dimen1501
\width=\dimen1502
\height=\dimen1503
\depth=\dimen1504
\totalheight=\dimen1505
\width=\dimen1506
\height=\dimen1507
\depth=\dimen1508
\totalheight=\dimen1509
\width=\dimen1510
\height=\dimen1511
\depth=\dimen1512
\totalheight=\dimen1513
\width=\dimen1514
\height=\dimen1515
\depth=\dimen1516
\totalheight=\dimen1517
\width=\dimen1518
\height=\dimen1519
\depth=\dimen1520
\totalheight=\dimen1521
\width=\dimen1522
\height=\dimen1523
\depth=\dimen1524
\totalheight=\dimen1525
\width=\dimen1526
\height=\dimen1527
\depth=\dimen1528
\totalheight=\dimen1529
\width=\dimen1530
\height=\dimen1531
\depth=\dimen1532
\totalheight=\dimen1533
\width=\dimen1534
\height=\dimen1535
\depth=\dimen1536
\totalheight=\dimen1537
\width=\dimen1538
\height=\dimen1539
\depth=\dimen1540
\totalheight=\dimen1541
\width=\dimen1542
\height=\dimen1543
\depth=\dimen1544
\totalheight=\dimen1545
\width=\dimen1546
\height=\dimen1547
\depth=\dimen1548
\totalheight=\dimen1549
\width=\dimen1550
\height=\dimen1551
\depth=\dimen1552
\totalheight=\dimen1553
\width=\dimen1554
\height=\dimen1555
\depth=\dimen1556
\totalheight=\dimen1557
\width=\dimen1558
\height=\dimen1559
\depth=\dimen1560
\totalheight=\dimen1561
\width=\dimen1562
\height=\dimen1563
\depth=\dimen1564
\totalheight=\dimen1565
\width=\dimen1566
\height=\dimen1567
\depth=\dimen1568
\totalheight=\dimen1569
\width=\dimen1570
\height=\dimen1571
\depth=\dimen1572
\totalheight=\dimen1573
\width=\dimen1574
\height=\dimen1575
\depth=\dimen1576
\totalheight=\dimen1577
\width=\dimen1578
\height=\dimen1579
\depth=\dimen1580
\totalheight=\dimen1581
\width=\dimen1582
\height=\dimen1583
\depth=\dimen1584
\totalheight=\dimen1585
\width=\dimen1586
\height=\dimen1587
\depth=\dimen1588
\totalheight=\dimen1589
\width=\dimen1590
\height=\dimen1591
\depth=\dimen1592
\totalheight=\dimen1593
\width=\dimen1594
\height=\dimen1595
\depth=\dimen1596
\totalheight=\dimen1597
\width=\dimen1598
\height=\dimen1599
\depth=\dimen1600
\totalheight=\dimen1601
\width=\dimen1602
\height=\dimen1603
\depth=\dimen1604
\totalheight=\dimen1605
\width=\dimen1606
\height=\dimen1607
\depth=\dimen1608
\totalheight=\dimen1609
\width=\dimen1610
\height=\dimen1611
\depth=\dimen1612
\totalheight=\dimen1613
\width=\dimen1614
\height=\dimen1615
\depth=\dimen1616
\totalheight=\dimen1617
\width=\dimen1618
\height=\dimen1619
\depth=\dimen1620
\totalheight=\dimen1621
\width=\dimen1622
\height=\dimen1623
\depth=\dimen1624
\totalheight=\dimen1625
\width=\dimen1626
\height=\dimen1627
\depth=\dimen1628
\totalheight=\dimen1629
\width=\dimen1630
\height=\dimen1631
\depth=\dimen1632
\totalheight=\dimen1633
\width=\dimen1634
\height=\dimen1635
\depth=\dimen1636
\totalheight=\dimen1637
\width=\dimen1638
\height=\dimen1639
\depth=\dimen1640
\totalheight=\dimen1641
\width=\dimen1642
\height=\dimen1643
\depth=\dimen1644
\totalheight=\dimen1645
\width=\dimen1646
\height=\dimen1647
\depth=\dimen1648
\totalheight=\dimen1649
\width=\dimen1650
\height=\dimen1651
\depth=\dimen1652
\totalheight=\dimen1653
\width=\dimen1654
\height=\dimen1655
\depth=\dimen1656
\totalheight=\dimen1657
\width=\dimen1658
\height=\dimen1659
\depth=\dimen1660
\totalheight=\dimen1661
\width=\dimen1662
\height=\dimen1663
\depth=\dimen1664
\totalheight=\dimen1665
\width=\dimen1666
\height=\dimen1667
\depth=\dimen1668
\totalheight=\dimen1669
\width=\dimen1670
\height=\dimen1671
\depth=\dimen1672
\totalheight=\dimen1673
\width=\dimen1674
\height=\dimen1675
\depth=\dimen1676
\totalheight=\dimen1677
\width=\dimen1678
\height=\dimen1679
\depth=\dimen1680
\totalheight=\dimen1681
\width=\dimen1682
\height=\dimen1683
\depth=\dimen1684
\totalheight=\dimen1685
\width=\dimen1686
\height=\dimen1687
\depth=\dimen1688
\totalheight=\dimen1689
\width=\dimen1690
\height=\dimen1691
\depth=\dimen1692
\totalheight=\dimen1693
\width=\dimen1694
\height=\dimen1695
\depth=\dimen1696
\totalheight=\dimen1697
\width=\dimen1698
\height=\dimen1699
\depth=\dimen1700
\totalheight=\dimen1701
\width=\dimen1702
\height=\dimen1703
\depth=\dimen1704
\totalheight=\dimen1705
\width=\dimen1706
\height=\dimen1707
\depth=\dimen1708
\totalheight=\dimen1709
\width=\dimen1710
\height=\dimen1711
\depth=\dimen1712
\totalheight=\dimen1713
\width=\dimen1714
\height=\dimen1715
\depth=\dimen1716
\totalheight=\dimen1717
\width=\dimen1718
\height=\dimen1719
\depth=\dimen1720
\totalheight=\dimen1721
\width=\dimen1722
\height=\dimen1723
\depth=\dimen1724
\totalheight=\dimen1725
\width=\dimen1726
\height=\dimen1727
\depth=\dimen1728
\totalheight=\dimen1729
\width=\dimen1730
\height=\dimen1731
\depth=\dimen1732
\totalheight=\dimen1733
\width=\dimen1734
\height=\dimen1735
\depth=\dimen1736
\totalheight=\dimen1737
\width=\dimen1738
\height=\dimen1739
\depth=\dimen1740
\totalheight=\dimen1741
\width=\dimen1742
\height=\dimen1743
\depth=\dimen1744
\totalheight=\dimen1745
\width=\dimen1746
\height=\dimen1747
\depth=\dimen1748
\totalheight=\dimen1749
\width=\dimen1750
\height=\dimen1751
\depth=\dimen1752
\totalheight=\dimen1753
\width=\dimen1754
\height=\dimen1755
\depth=\dimen1756
\totalheight=\dimen1757
\width=\dimen1758
\height=\dimen1759
\depth=\dimen1760
\totalheight=\dimen1761

Overfull \hbox (0.83pt too wide) in paragraph at lines 2684--2684
 []\T1/qtm/m/n/10 H 
 []

\width=\dimen1762
\height=\dimen1763
\depth=\dimen1764
\totalheight=\dimen1765
\width=\dimen1766
\height=\dimen1767
\depth=\dimen1768
\totalheight=\dimen1769
\width=\dimen1770
\height=\dimen1771
\depth=\dimen1772
\totalheight=\dimen1773
\width=\dimen1774
\height=\dimen1775
\depth=\dimen1776
\totalheight=\dimen1777
\width=\dimen1778
\height=\dimen1779
\depth=\dimen1780
\totalheight=\dimen1781
\width=\dimen1782
\height=\dimen1783
\depth=\dimen1784
\totalheight=\dimen1785
\width=\dimen1786
\height=\dimen1787
\depth=\dimen1788
\totalheight=\dimen1789
\width=\dimen1790
\height=\dimen1791
\depth=\dimen1792
\totalheight=\dimen1793
\width=\dimen1794
\height=\dimen1795
\depth=\dimen1796
\totalheight=\dimen1797
\width=\dimen1798
\height=\dimen1799
\depth=\dimen1800
\totalheight=\dimen1801
\width=\dimen1802
\height=\dimen1803
\depth=\dimen1804
\totalheight=\dimen1805
\width=\dimen1806
\height=\dimen1807
\depth=\dimen1808
\totalheight=\dimen1809

Overfull \hbox (0.83pt too wide) in paragraph at lines 2692--2692
 []\T1/qtm/m/n/10 H 
 []

\width=\dimen1810
\height=\dimen1811
\depth=\dimen1812
\totalheight=\dimen1813
\width=\dimen1814
\height=\dimen1815
\depth=\dimen1816
\totalheight=\dimen1817
\width=\dimen1818
\height=\dimen1819
\depth=\dimen1820
\totalheight=\dimen1821
\width=\dimen1822
\height=\dimen1823
\depth=\dimen1824
\totalheight=\dimen1825
\width=\dimen1826
\height=\dimen1827
\depth=\dimen1828
\totalheight=\dimen1829
\width=\dimen1830
\height=\dimen1831
\depth=\dimen1832
\totalheight=\dimen1833
\width=\dimen1834
\height=\dimen1835
\depth=\dimen1836
\totalheight=\dimen1837
\width=\dimen1838
\height=\dimen1839
\depth=\dimen1840
\totalheight=\dimen1841
\width=\dimen1842
\height=\dimen1843
\depth=\dimen1844
\totalheight=\dimen1845
\width=\dimen1846
\height=\dimen1847
\depth=\dimen1848
\totalheight=\dimen1849
\width=\dimen1850
\height=\dimen1851
\depth=\dimen1852
\totalheight=\dimen1853
\width=\dimen1854
\height=\dimen1855
\depth=\dimen1856
\totalheight=\dimen1857
\width=\dimen1858
\height=\dimen1859
\depth=\dimen1860
\totalheight=\dimen1861

Overfull \hbox (0.83pt too wide) in paragraph at lines 2701--2701
 []\T1/qtm/m/n/10 H 
 []

\width=\dimen1862
\height=\dimen1863
\depth=\dimen1864
\totalheight=\dimen1865
\width=\dimen1866
\height=\dimen1867
\depth=\dimen1868
\totalheight=\dimen1869
\width=\dimen1870
\height=\dimen1871
\depth=\dimen1872
\totalheight=\dimen1873
\width=\dimen1874
\height=\dimen1875
\depth=\dimen1876
\totalheight=\dimen1877
\width=\dimen1878
\height=\dimen1879
\depth=\dimen1880
\totalheight=\dimen1881
\width=\dimen1882
\height=\dimen1883
\depth=\dimen1884
\totalheight=\dimen1885
\width=\dimen1886
\height=\dimen1887
\depth=\dimen1888
\totalheight=\dimen1889
\width=\dimen1890
\height=\dimen1891
\depth=\dimen1892
\totalheight=\dimen1893
\width=\dimen1894
\height=\dimen1895
\depth=\dimen1896
\totalheight=\dimen1897
\width=\dimen1898
\height=\dimen1899
\depth=\dimen1900
\totalheight=\dimen1901
\width=\dimen1902
\height=\dimen1903
\depth=\dimen1904
\totalheight=\dimen1905
\width=\dimen1906
\height=\dimen1907
\depth=\dimen1908
\totalheight=\dimen1909
\width=\dimen1910
\height=\dimen1911
\depth=\dimen1912
\totalheight=\dimen1913
\width=\dimen1914
\height=\dimen1915
\depth=\dimen1916
\totalheight=\dimen1917

Overfull \hbox (0.83pt too wide) in paragraph at lines 2711--2711
 []\T1/qtm/m/n/10 H 
 []

\width=\dimen1918
\height=\dimen1919
\depth=\dimen1920
\totalheight=\dimen1921
\width=\dimen1922
\height=\dimen1923
\depth=\dimen1924
\totalheight=\dimen1925
\width=\dimen1926
\height=\dimen1927
\depth=\dimen1928
\totalheight=\dimen1929
\width=\dimen1930
\height=\dimen1931
\depth=\dimen1932
\totalheight=\dimen1933
\width=\dimen1934
\height=\dimen1935
\depth=\dimen1936
\totalheight=\dimen1937
\width=\dimen1938
\height=\dimen1939
\depth=\dimen1940
\totalheight=\dimen1941
\width=\dimen1942
\height=\dimen1943
\depth=\dimen1944
\totalheight=\dimen1945
\width=\dimen1946
\height=\dimen1947
\depth=\dimen1948
\totalheight=\dimen1949
\width=\dimen1950
\height=\dimen1951
\depth=\dimen1952
\totalheight=\dimen1953
\width=\dimen1954
\height=\dimen1955
\depth=\dimen1956
\totalheight=\dimen1957
\width=\dimen1958
\height=\dimen1959
\depth=\dimen1960
\totalheight=\dimen1961
\width=\dimen1962
\height=\dimen1963
\depth=\dimen1964
\totalheight=\dimen1965
\width=\dimen1966
\height=\dimen1967
\depth=\dimen1968
\totalheight=\dimen1969
\width=\dimen1970
\height=\dimen1971
\depth=\dimen1972
\totalheight=\dimen1973
\width=\dimen1974
\height=\dimen1975
\depth=\dimen1976
\totalheight=\dimen1977
\width=\dimen1978
\height=\dimen1979
\depth=\dimen1980
\totalheight=\dimen1981
\width=\dimen1982
\height=\dimen1983
\depth=\dimen1984
\totalheight=\dimen1985
\width=\dimen1986
\height=\dimen1987
\depth=\dimen1988
\totalheight=\dimen1989
[64] [65] [66]
Chapter 6.
[67

] [68

]
Chapter 7.
[69] [70

] [71

] [72] (./MPTCP-doc.ind [73] [74

] [75


]) (./MPTCP-doc.aux)
Package rerunfilecheck Info: File `MPTCP-doc.out' has not changed.
(rerunfilecheck)             Checksum: FD92163AF1BD3364F692DC735723D909;5014.
 ) 
Here is how much of TeX's memory you used:
 38180 strings out of 479304
 863521 string characters out of 5869780
 2739033 words of memory out of 5000000
 54351 multiletter control sequences out of 15000+600000
 466767 words of font info for 85 fonts, out of 8000000 for 9000
 1142 hyphenation exceptions out of 8191
 102i,19n,102p,2647b,858s stack positions out of 5000i,500n,10000p,200000b,80000s
{/usr/share/texmf/fonts/enc/dvips/tex-gyre/q-ec.enc}{/usr/share/texmf/fonts/e
nc/dvips/tex-gyre/q-ts1.enc}</usr/share/texlive/texmf-dist/fonts/type1/public/a
msfonts/cm/cmmi10.pfb></usr/share/texlive/texmf-dist/fonts/type1/public/amsfont
s/cm/cmmi5.pfb></usr/share/texlive/texmf-dist/fonts/type1/public/amsfonts/cm/cm
mi6.pfb></usr/share/texlive/texmf-dist/fonts/type1/public/amsfonts/cm/cmmi7.pfb
></usr/share/texlive/texmf-dist/fonts/type1/public/amsfonts/cm/cmmi9.pfb></usr/
share/texlive/texmf-dist/fonts/type1/public/amsfonts/cm/cmr10.pfb></usr/share/t
exlive/texmf-dist/fonts/type1/public/amsfonts/cm/cmr7.pfb></usr/share/texlive/t
exmf-dist/fonts/type1/public/amsfonts/cm/cmsy10.pfb></usr/share/texlive/texmf-d
ist/fonts/type1/public/amsfonts/cm/cmsy5.pfb></usr/share/texlive/texmf-dist/fon
ts/type1/public/amsfonts/latxfont/line10.pfb></usr/share/texmf/fonts/type1/publ
ic/tex-gyre/qhvb.pfb></usr/share/texmf/fonts/type1/public/tex-gyre/qhvbi.pfb></
usr/share/texmf/fonts/type1/public/tex-gyre/qhvr.pfb></usr/share/texmf/fonts/ty
pe1/public/tex-gyre/qtmb.pfb></usr/share/texmf/fonts/type1/public/tex-gyre/qtmr
.pfb></usr/share/texmf/fonts/type1/public/tex-gyre/qtmri.pfb></usr/share/texliv
e/texmf-dist/fonts/type1/public/txfonts/t1xbtt.pfb></usr/share/texlive/texmf-di
st/fonts/type1/public/txfonts/t1xtt.pfb></usr/share/texlive/texmf-dist/fonts/ty
pe1/public/txfonts/t1xtt.pfb></usr/share/texlive/texmf-dist/fonts/type1/public/
txfonts/tcxtt.pfb>
Output written on MPTCP-doc.pdf (79 pages, 465361 bytes).
PDF statistics:
 989 PDF objects out of 1000 (max. 8388607)
 858 compressed objects within 9 object streams
 203 named destinations out of 1000 (max. 500000)
 377 words of extra memory for PDF output out of 10000 (max. 10000000)

